<?xml version="1.0" encoding="UTF-8"?>
<coverage generated="1749044735770" clover="3.2.0">
  <project timestamp="1749044735771" name="All files">
    <metrics statements="451" coveredstatements="1" conditionals="280" coveredconditionals="0" methods="97" coveredmethods="1" elements="828" coveredelements="2" complexity="0" loc="451" ncloc="451" packages="3" files="5" classes="5">
      <package name="src">
        <metrics statements="1" coveredstatements="0" conditionals="0" coveredconditionals="0" methods="0" coveredmethods="0"/>
        <file name="App.vue" path="C:\Users\26791\Documents\AIccounting-main\AIccounting-main\App\src\App.vue">
          <metrics statements="1" coveredstatements="0" conditionals="0" coveredconditionals="0" methods="0" coveredmethods="0"/>
          <line num="11" count="0" type="stmt"/>
        </file>
      </package>
      <package name="src.components.common">
        <metrics statements="1" coveredstatements="1" conditionals="0" coveredconditionals="0" methods="1" coveredmethods="1"/>
        <file name="TabBar.vue" path="C:\Users\26791\Documents\AIccounting-main\AIccounting-main\App\src\components\common\TabBar.vue">
          <metrics statements="1" coveredstatements="1" conditionals="0" coveredconditionals="0" methods="1" coveredmethods="1"/>
          <line num="22" count="1" type="stmt"/>
        </file>
      </package>
      <package name="src.views">
        <metrics statements="449" coveredstatements="0" conditionals="280" coveredconditionals="0" methods="96" coveredmethods="0"/>
        <file name="Chart.vue" path="C:\Users\26791\Documents\AIccounting-main\AIccounting-main\App\src\views\Chart.vue">
          <metrics statements="271" coveredstatements="0" conditionals="189" coveredconditionals="0" methods="56" coveredmethods="0"/>
          <line num="224" count="0" type="stmt"/>
          <line num="229" count="0" type="stmt"/>
          <line num="259" count="0" type="stmt"/>
          <line num="262" count="0" type="stmt"/>
          <line num="265" count="0" type="stmt"/>
          <line num="269" count="0" type="stmt"/>
          <line num="274" count="0" type="stmt"/>
          <line num="275" count="0" type="cond" truecount="0" falsecount="2"/>
          <line num="276" count="0" type="stmt"/>
          <line num="277" count="0" type="stmt"/>
          <line num="278" count="0" type="cond" truecount="0" falsecount="2"/>
          <line num="279" count="0" type="stmt"/>
          <line num="280" count="0" type="stmt"/>
          <line num="282" count="0" type="stmt"/>
          <line num="284" count="0" type="stmt"/>
          <line num="288" count="0" type="stmt"/>
          <line num="289" count="0" type="stmt"/>
          <line num="291" count="0" type="cond" truecount="0" falsecount="3"/>
          <line num="292" count="0" type="stmt"/>
          <line num="293" count="0" type="stmt"/>
          <line num="295" count="0" type="stmt"/>
          <line num="296" count="0" type="stmt"/>
          <line num="298" count="0" type="stmt"/>
          <line num="299" count="0" type="stmt"/>
          <line num="300" count="0" type="stmt"/>
          <line num="305" count="0" type="stmt"/>
          <line num="309" count="0" type="stmt"/>
          <line num="310" count="0" type="stmt"/>
          <line num="311" count="0" type="stmt"/>
          <line num="316" count="0" type="stmt"/>
          <line num="320" count="0" type="stmt"/>
          <line num="321" count="0" type="stmt"/>
          <line num="323" count="0" type="stmt"/>
          <line num="324" count="0" type="stmt"/>
          <line num="326" count="0" type="stmt"/>
          <line num="331" count="0" type="cond" truecount="0" falsecount="10"/>
          <line num="332" count="0" type="stmt"/>
          <line num="333" count="0" type="stmt"/>
          <line num="336" count="0" type="stmt"/>
          <line num="337" count="0" type="cond" truecount="0" falsecount="2"/>
          <line num="339" count="0" type="stmt"/>
          <line num="340" count="0" type="stmt"/>
          <line num="341" count="0" type="stmt"/>
          <line num="343" count="0" type="stmt"/>
          <line num="344" count="0" type="stmt"/>
          <line num="345" count="0" type="cond" truecount="0" falsecount="2"/>
          <line num="347" count="0" type="stmt"/>
          <line num="348" count="0" type="stmt"/>
          <line num="349" count="0" type="stmt"/>
          <line num="352" count="0" type="stmt"/>
          <line num="353" count="0" type="stmt"/>
          <line num="356" count="0" type="stmt"/>
          <line num="365" count="0" type="stmt"/>
          <line num="369" count="0" type="stmt"/>
          <line num="371" count="0" type="stmt"/>
          <line num="376" count="0" type="stmt"/>
          <line num="382" count="0" type="stmt"/>
          <line num="383" count="0" type="cond" truecount="0" falsecount="2"/>
          <line num="384" count="0" type="cond" truecount="0" falsecount="2"/>
          <line num="385" count="0" type="stmt"/>
          <line num="393" count="0" type="cond" truecount="0" falsecount="2"/>
          <line num="394" count="0" type="stmt"/>
          <line num="395" count="0" type="stmt"/>
          <line num="396" count="0" type="stmt"/>
          <line num="400" count="0" type="stmt"/>
          <line num="401" count="0" type="stmt"/>
          <line num="402" count="0" type="stmt"/>
          <line num="408" count="0" type="stmt"/>
          <line num="409" count="0" type="stmt"/>
          <line num="411" count="0" type="stmt"/>
          <line num="416" count="0" type="stmt"/>
          <line num="417" count="0" type="cond" truecount="0" falsecount="2"/>
          <line num="418" count="0" type="stmt"/>
          <line num="420" count="0" type="stmt"/>
          <line num="422" count="0" type="cond" truecount="0" falsecount="2"/>
          <line num="423" count="0" type="stmt"/>
          <line num="433" count="0" type="stmt"/>
          <line num="453" count="0" type="cond" truecount="0" falsecount="2"/>
          <line num="458" count="0" type="stmt"/>
          <line num="459" count="0" type="stmt"/>
          <line num="460" count="0" type="stmt"/>
          <line num="461" count="0" type="stmt"/>
          <line num="462" count="0" type="stmt"/>
          <line num="464" count="0" type="stmt"/>
          <line num="470" count="0" type="stmt"/>
          <line num="471" count="0" type="stmt"/>
          <line num="472" count="0" type="cond" truecount="0" falsecount="5"/>
          <line num="478" count="0" type="stmt"/>
          <line num="481" count="0" type="stmt"/>
          <line num="482" count="0" type="stmt"/>
          <line num="483" count="0" type="stmt"/>
          <line num="489" count="0" type="stmt"/>
          <line num="490" count="0" type="stmt"/>
          <line num="491" count="0" type="cond" truecount="0" falsecount="5"/>
          <line num="497" count="0" type="stmt"/>
          <line num="500" count="0" type="stmt"/>
          <line num="501" count="0" type="stmt"/>
          <line num="506" count="0" type="stmt"/>
          <line num="507" count="0" type="stmt"/>
          <line num="508" count="0" type="cond" truecount="0" falsecount="5"/>
          <line num="513" count="0" type="stmt"/>
          <line num="514" count="0" type="cond" truecount="0" falsecount="2"/>
          <line num="517" count="0" type="stmt"/>
          <line num="536" count="0" type="cond" truecount="0" falsecount="2"/>
          <line num="539" count="0" type="cond" truecount="0" falsecount="2"/>
          <line num="540" count="0" type="stmt"/>
          <line num="541" count="0" type="cond" truecount="0" falsecount="2"/>
          <line num="545" count="0" type="stmt"/>
          <line num="546" count="0" type="stmt"/>
          <line num="547" count="0" type="stmt"/>
          <line num="550" count="0" type="stmt"/>
          <line num="554" count="0" type="stmt"/>
          <line num="555" count="0" type="stmt"/>
          <line num="556" count="0" type="stmt"/>
          <line num="557" count="0" type="stmt"/>
          <line num="561" count="0" type="stmt"/>
          <line num="562" count="0" type="stmt"/>
          <line num="563" count="0" type="stmt"/>
          <line num="564" count="0" type="stmt"/>
          <line num="565" count="0" type="stmt"/>
          <line num="566" count="0" type="stmt"/>
          <line num="568" count="0" type="stmt"/>
          <line num="571" count="0" type="cond" truecount="0" falsecount="2"/>
          <line num="574" count="0" type="stmt"/>
          <line num="576" count="0" type="stmt"/>
          <line num="577" count="0" type="stmt"/>
          <line num="578" count="0" type="stmt"/>
          <line num="579" count="0" type="cond" truecount="0" falsecount="2"/>
          <line num="580" count="0" type="cond" truecount="0" falsecount="2"/>
          <line num="581" count="0" type="stmt"/>
          <line num="583" count="0" type="stmt"/>
          <line num="587" count="0" type="cond" truecount="0" falsecount="2"/>
          <line num="588" count="0" type="cond" truecount="0" falsecount="2"/>
          <line num="590" count="0" type="cond" truecount="0" falsecount="4"/>
          <line num="592" count="0" type="cond" truecount="0" falsecount="2"/>
          <line num="593" count="0" type="cond" truecount="0" falsecount="2"/>
          <line num="598" count="0" type="stmt"/>
          <line num="599" count="0" type="stmt"/>
          <line num="600" count="0" type="stmt"/>
          <line num="601" count="0" type="stmt"/>
          <line num="604" count="0" type="stmt"/>
          <line num="605" count="0" type="stmt"/>
          <line num="607" count="0" type="stmt"/>
          <line num="608" count="0" type="stmt"/>
          <line num="609" count="0" type="stmt"/>
          <line num="610" count="0" type="stmt"/>
          <line num="611" count="0" type="stmt"/>
          <line num="614" count="0" type="cond" truecount="0" falsecount="2"/>
          <line num="615" count="0" type="cond" truecount="0" falsecount="4"/>
          <line num="617" count="0" type="cond" truecount="0" falsecount="4"/>
          <line num="618" count="0" type="stmt"/>
          <line num="620" count="0" type="cond" truecount="0" falsecount="2"/>
          <line num="621" count="0" type="stmt"/>
          <line num="626" count="0" type="cond" truecount="0" falsecount="2"/>
          <line num="628" count="0" type="stmt"/>
          <line num="632" count="0" type="stmt"/>
          <line num="633" count="0" type="stmt"/>
          <line num="634" count="0" type="stmt"/>
          <line num="636" count="0" type="stmt"/>
          <line num="639" count="0" type="stmt"/>
          <line num="644" count="0" type="stmt"/>
          <line num="645" count="0" type="stmt"/>
          <line num="646" count="0" type="stmt"/>
          <line num="648" count="0" type="stmt"/>
          <line num="649" count="0" type="stmt"/>
          <line num="650" count="0" type="stmt"/>
          <line num="652" count="0" type="cond" truecount="0" falsecount="2"/>
          <line num="653" count="0" type="stmt"/>
          <line num="654" count="0" type="cond" truecount="0" falsecount="2"/>
          <line num="655" count="0" type="stmt"/>
          <line num="656" count="0" type="cond" truecount="0" falsecount="2"/>
          <line num="657" count="0" type="stmt"/>
          <line num="659" count="0" type="stmt"/>
          <line num="661" count="0" type="stmt"/>
          <line num="663" count="0" type="cond" truecount="0" falsecount="2"/>
          <line num="664" count="0" type="cond" truecount="0" falsecount="2"/>
          <line num="666" count="0" type="stmt"/>
          <line num="669" count="0" type="stmt"/>
          <line num="670" count="0" type="stmt"/>
          <line num="671" count="0" type="cond" truecount="0" falsecount="2"/>
          <line num="673" count="0" type="stmt"/>
          <line num="679" count="0" type="cond" truecount="0" falsecount="2"/>
          <line num="680" count="0" type="stmt"/>
          <line num="683" count="0" type="stmt"/>
          <line num="684" count="0" type="stmt"/>
          <line num="685" count="0" type="cond" truecount="0" falsecount="2"/>
          <line num="686" count="0" type="stmt"/>
          <line num="689" count="0" type="cond" truecount="0" falsecount="2"/>
          <line num="691" count="0" type="stmt"/>
          <line num="692" count="0" type="cond" truecount="0" falsecount="2"/>
          <line num="694" count="0" type="stmt"/>
          <line num="695" count="0" type="stmt"/>
          <line num="696" count="0" type="stmt"/>
          <line num="698" count="0" type="stmt"/>
          <line num="703" count="0" type="cond" truecount="0" falsecount="4"/>
          <line num="705" count="0" type="cond" truecount="0" falsecount="4"/>
          <line num="706" count="0" type="cond" truecount="0" falsecount="2"/>
          <line num="707" count="0" type="cond" truecount="0" falsecount="4"/>
          <line num="708" count="0" type="cond" truecount="0" falsecount="2"/>
          <line num="710" count="0" type="cond" truecount="0" falsecount="2"/>
          <line num="715" count="0" type="cond" truecount="0" falsecount="2"/>
          <line num="717" count="0" type="cond" truecount="0" falsecount="5"/>
          <line num="718" count="0" type="stmt"/>
          <line num="719" count="0" type="stmt"/>
          <line num="721" count="0" type="stmt"/>
          <line num="722" count="0" type="stmt"/>
          <line num="723" count="0" type="cond" truecount="0" falsecount="2"/>
          <line num="724" count="0" type="cond" truecount="0" falsecount="4"/>
          <line num="725" count="0" type="cond" truecount="0" falsecount="2"/>
          <line num="726" count="0" type="cond" truecount="0" falsecount="4"/>
          <line num="727" count="0" type="cond" truecount="0" falsecount="2"/>
          <line num="729" count="0" type="cond" truecount="0" falsecount="2"/>
          <line num="734" count="0" type="stmt"/>
          <line num="739" count="0" type="stmt"/>
          <line num="740" count="0" type="stmt"/>
          <line num="741" count="0" type="stmt"/>
          <line num="742" count="0" type="stmt"/>
          <line num="745" count="0" type="stmt"/>
          <line num="746" count="0" type="stmt"/>
          <line num="749" count="0" type="stmt"/>
          <line num="750" count="0" type="stmt"/>
          <line num="751" count="0" type="stmt"/>
          <line num="752" count="0" type="stmt"/>
          <line num="756" count="0" type="stmt"/>
          <line num="757" count="0" type="cond" truecount="0" falsecount="2"/>
          <line num="759" count="0" type="stmt"/>
          <line num="760" count="0" type="stmt"/>
          <line num="761" count="0" type="cond" truecount="0" falsecount="4"/>
          <line num="762" count="0" type="stmt"/>
          <line num="764" count="0" type="stmt"/>
          <line num="765" count="0" type="cond" truecount="0" falsecount="2"/>
          <line num="766" count="0" type="cond" truecount="0" falsecount="2"/>
          <line num="769" count="0" type="stmt"/>
          <line num="770" count="0" type="stmt"/>
          <line num="771" count="0" type="stmt"/>
          <line num="772" count="0" type="cond" truecount="0" falsecount="2"/>
          <line num="773" count="0" type="cond" truecount="0" falsecount="2"/>
          <line num="777" count="0" type="stmt"/>
          <line num="779" count="0" type="cond" truecount="0" falsecount="2"/>
          <line num="781" count="0" type="stmt"/>
          <line num="783" count="0" type="stmt"/>
          <line num="784" count="0" type="stmt"/>
          <line num="785" count="0" type="cond" truecount="0" falsecount="2"/>
          <line num="786" count="0" type="cond" truecount="0" falsecount="2"/>
          <line num="787" count="0" type="stmt"/>
          <line num="793" count="0" type="stmt"/>
          <line num="796" count="0" type="cond" truecount="0" falsecount="2"/>
          <line num="799" count="0" type="cond" truecount="0" falsecount="2"/>
          <line num="800" count="0" type="stmt"/>
          <line num="801" count="0" type="stmt"/>
          <line num="802" count="0" type="cond" truecount="0" falsecount="2"/>
          <line num="804" count="0" type="stmt"/>
          <line num="805" count="0" type="stmt"/>
          <line num="806" count="0" type="stmt"/>
          <line num="807" count="0" type="stmt"/>
          <line num="808" count="0" type="stmt"/>
          <line num="809" count="0" type="stmt"/>
          <line num="811" count="0" type="stmt"/>
          <line num="812" count="0" type="stmt"/>
          <line num="815" count="0" type="cond" truecount="0" falsecount="2"/>
          <line num="816" count="0" type="stmt"/>
          <line num="817" count="0" type="stmt"/>
          <line num="818" count="0" type="cond" truecount="0" falsecount="2"/>
          <line num="820" count="0" type="stmt"/>
          <line num="821" count="0" type="stmt"/>
          <line num="822" count="0" type="stmt"/>
          <line num="823" count="0" type="stmt"/>
          <line num="824" count="0" type="stmt"/>
          <line num="825" count="0" type="stmt"/>
          <line num="827" count="0" type="stmt"/>
          <line num="828" count="0" type="stmt"/>
        </file>
        <file name="Details.vue" path="C:\Users\26791\Documents\AIccounting-main\AIccounting-main\App\src\views\Details.vue">
          <metrics statements="103" coveredstatements="0" conditionals="58" coveredconditionals="0" methods="15" coveredmethods="0"/>
          <line num="88" count="0" type="stmt"/>
          <line num="93" count="0" type="stmt"/>
          <line num="108" count="0" type="stmt"/>
          <line num="113" count="0" type="stmt"/>
          <line num="114" count="0" type="cond" truecount="0" falsecount="2"/>
          <line num="115" count="0" type="stmt"/>
          <line num="116" count="0" type="stmt"/>
          <line num="117" count="0" type="cond" truecount="0" falsecount="2"/>
          <line num="118" count="0" type="stmt"/>
          <line num="119" count="0" type="stmt"/>
          <line num="121" count="0" type="stmt"/>
          <line num="124" count="0" type="stmt"/>
          <line num="128" count="0" type="cond" truecount="0" falsecount="9"/>
          <line num="129" count="0" type="stmt"/>
          <line num="130" count="0" type="stmt"/>
          <line num="132" count="0" type="stmt"/>
          <line num="133" count="0" type="stmt"/>
          <line num="134" count="0" type="stmt"/>
          <line num="135" count="0" type="stmt"/>
          <line num="136" count="0" type="stmt"/>
          <line num="144" count="0" type="stmt"/>
          <line num="157" count="0" type="stmt"/>
          <line num="165" count="0" type="stmt"/>
          <line num="168" count="0" type="stmt"/>
          <line num="169" count="0" type="stmt"/>
          <line num="171" count="0" type="stmt"/>
          <line num="177" count="0" type="cond" truecount="0" falsecount="2"/>
          <line num="179" count="0" type="stmt"/>
          <line num="181" count="0" type="stmt"/>
          <line num="182" count="0" type="cond" truecount="0" falsecount="2"/>
          <line num="184" count="0" type="stmt"/>
          <line num="185" count="0" type="stmt"/>
          <line num="187" count="0" type="stmt"/>
          <line num="188" count="0" type="stmt"/>
          <line num="191" count="0" type="cond" truecount="0" falsecount="2"/>
          <line num="192" count="0" type="stmt"/>
          <line num="193" count="0" type="stmt"/>
          <line num="196" count="0" type="stmt"/>
          <line num="197" count="0" type="stmt"/>
          <line num="198" count="0" type="stmt"/>
          <line num="199" count="0" type="stmt"/>
          <line num="201" count="0" type="cond" truecount="0" falsecount="2"/>
          <line num="202" count="0" type="stmt"/>
          <line num="204" count="0" type="stmt"/>
          <line num="207" count="0" type="stmt"/>
          <line num="208" count="0" type="cond" truecount="0" falsecount="2"/>
          <line num="214" count="0" type="cond" truecount="0" falsecount="2"/>
          <line num="216" count="0" type="stmt"/>
          <line num="217" count="0" type="stmt"/>
          <line num="218" count="0" type="cond" truecount="0" falsecount="2"/>
          <line num="219" count="0" type="stmt"/>
          <line num="220" count="0" type="stmt"/>
          <line num="221" count="0" type="stmt"/>
          <line num="222" count="0" type="stmt"/>
          <line num="225" count="0" type="cond" truecount="0" falsecount="2"/>
          <line num="226" count="0" type="stmt"/>
          <line num="229" count="0" type="stmt"/>
          <line num="230" count="0" type="cond" truecount="0" falsecount="3"/>
          <line num="234" count="0" type="stmt"/>
          <line num="235" count="0" type="stmt"/>
          <line num="241" count="0" type="cond" truecount="0" falsecount="2"/>
          <line num="243" count="0" type="stmt"/>
          <line num="244" count="0" type="stmt"/>
          <line num="245" count="0" type="cond" truecount="0" falsecount="2"/>
          <line num="246" count="0" type="stmt"/>
          <line num="247" count="0" type="stmt"/>
          <line num="248" count="0" type="stmt"/>
          <line num="249" count="0" type="stmt"/>
          <line num="252" count="0" type="cond" truecount="0" falsecount="2"/>
          <line num="253" count="0" type="stmt"/>
          <line num="256" count="0" type="stmt"/>
          <line num="257" count="0" type="stmt"/>
          <line num="259" count="0" type="stmt"/>
          <line num="260" count="0" type="stmt"/>
          <line num="265" count="0" type="stmt"/>
          <line num="266" count="0" type="cond" truecount="0" falsecount="2"/>
          <line num="267" count="0" type="stmt"/>
          <line num="268" count="0" type="stmt"/>
          <line num="271" count="0" type="stmt"/>
          <line num="273" count="0" type="stmt"/>
          <line num="274" count="0" type="cond" truecount="0" falsecount="2"/>
          <line num="277" count="0" type="stmt"/>
          <line num="278" count="0" type="cond" truecount="0" falsecount="2"/>
          <line num="280" count="0" type="stmt"/>
          <line num="281" count="0" type="cond" truecount="0" falsecount="2"/>
          <line num="283" count="0" type="stmt"/>
          <line num="286" count="0" type="cond" truecount="0" falsecount="2"/>
          <line num="287" count="0" type="stmt"/>
          <line num="288" count="0" type="stmt"/>
          <line num="291" count="0" type="cond" truecount="0" falsecount="2"/>
          <line num="292" count="0" type="stmt"/>
          <line num="303" count="0" type="cond" truecount="0" falsecount="2"/>
          <line num="304" count="0" type="cond" truecount="0" falsecount="2"/>
          <line num="305" count="0" type="stmt"/>
          <line num="307" count="0" type="stmt"/>
          <line num="311" count="0" type="stmt"/>
          <line num="318" count="0" type="stmt"/>
          <line num="319" count="0" type="stmt"/>
          <line num="325" count="0" type="stmt"/>
          <line num="345" count="0" type="cond" truecount="0" falsecount="2"/>
          <line num="350" count="0" type="stmt"/>
          <line num="352" count="0" type="stmt"/>
          <line num="373" count="0" type="cond" truecount="0" falsecount="2"/>
        </file>
        <file name="Record.vue" path="C:\Users\26791\Documents\AIccounting-main\AIccounting-main\App\src\views\Record.vue">
          <metrics statements="75" coveredstatements="0" conditionals="33" coveredconditionals="0" methods="25" coveredmethods="0"/>
          <line num="92" count="0" type="stmt"/>
          <line num="97" count="0" type="stmt"/>
          <line num="110" count="0" type="stmt"/>
          <line num="117" count="0" type="stmt"/>
          <line num="118" count="0" type="stmt"/>
          <line num="119" count="0" type="stmt"/>
          <line num="122" count="0" type="stmt"/>
          <line num="124" count="0" type="cond" truecount="0" falsecount="2"/>
          <line num="125" count="0" type="stmt"/>
          <line num="126" count="0" type="stmt"/>
          <line num="130" count="0" type="stmt"/>
          <line num="131" count="0" type="stmt"/>
          <line num="135" count="0" type="cond" truecount="0" falsecount="4"/>
          <line num="136" count="0" type="stmt"/>
          <line num="139" count="0" type="stmt"/>
          <line num="144" count="0" type="stmt"/>
          <line num="145" count="0" type="stmt"/>
          <line num="147" count="0" type="cond" truecount="0" falsecount="2"/>
          <line num="148" count="0" type="stmt"/>
          <line num="149" count="0" type="stmt"/>
          <line num="151" count="0" type="stmt"/>
          <line num="155" count="0" type="cond" truecount="0" falsecount="4"/>
          <line num="156" count="0" type="stmt"/>
          <line num="159" count="0" type="stmt"/>
          <line num="164" count="0" type="stmt"/>
          <line num="165" count="0" type="stmt"/>
          <line num="166" count="0" type="cond" truecount="0" falsecount="2"/>
          <line num="169" count="0" type="cond" truecount="0" falsecount="2"/>
          <line num="170" count="0" type="stmt"/>
          <line num="171" count="0" type="stmt"/>
          <line num="175" count="0" type="stmt"/>
          <line num="182" count="0" type="stmt"/>
          <line num="185" count="0" type="stmt"/>
          <line num="186" count="0" type="stmt"/>
          <line num="190" count="0" type="stmt"/>
          <line num="193" count="0" type="stmt"/>
          <line num="197" count="0" type="stmt"/>
          <line num="198" count="0" type="stmt"/>
          <line num="202" count="0" type="stmt"/>
          <line num="205" count="0" type="stmt"/>
          <line num="212" count="0" type="cond" truecount="0" falsecount="5"/>
          <line num="220" count="0" type="cond" truecount="0" falsecount="4"/>
          <line num="222" count="0" type="stmt"/>
          <line num="229" count="0" type="stmt"/>
          <line num="230" count="0" type="stmt"/>
          <line num="234" count="0" type="stmt"/>
          <line num="238" count="0" type="stmt"/>
          <line num="239" count="0" type="stmt"/>
          <line num="243" count="0" type="stmt"/>
          <line num="245" count="0" type="stmt"/>
          <line num="252" count="0" type="stmt"/>
          <line num="258" count="0" type="stmt"/>
          <line num="259" count="0" type="stmt"/>
          <line num="262" count="0" type="stmt"/>
          <line num="282" count="0" type="cond" truecount="0" falsecount="2"/>
          <line num="285" count="0" type="cond" truecount="0" falsecount="2"/>
          <line num="286" count="0" type="stmt"/>
          <line num="287" count="0" type="stmt"/>
          <line num="288" count="0" type="stmt"/>
          <line num="289" count="0" type="stmt"/>
          <line num="290" count="0" type="stmt"/>
          <line num="295" count="0" type="stmt"/>
          <line num="296" count="0" type="stmt"/>
          <line num="297" count="0" type="stmt"/>
          <line num="298" count="0" type="cond" truecount="0" falsecount="2"/>
          <line num="300" count="0" type="stmt"/>
          <line num="302" count="0" type="stmt"/>
          <line num="305" count="0" type="stmt"/>
          <line num="307" count="0" type="stmt"/>
          <line num="308" count="0" type="cond" truecount="0" falsecount="2"/>
          <line num="309" count="0" type="stmt"/>
          <line num="311" count="0" type="stmt"/>
          <line num="319" count="0" type="stmt"/>
          <line num="320" count="0" type="stmt"/>
          <line num="321" count="0" type="stmt"/>
        </file>
      </package>
    </metrics>
  </project>
</coverage>
