{"C:\\Users\\26791\\Documents\\AIccounting-main\\AIccounting-main\\App\\src\\App.vue": {"path":"C:\\Users\\26791\\Documents\\AIccounting-main\\AIccounting-main\\App\\src\\App.vue","statementMap":{"0":{"start":{"line":11,"column":0},"end":{"line":null,"column":-1}}},"fnMap":{},"branchMap":{},"s":{"0":0},"f":{},"b":{}}
,"C:\\Users\\26791\\Documents\\AIccounting-main\\AIccounting-main\\App\\src\\components\\common\\TabBar.vue": {"path":"C:\\Users\\26791\\Documents\\AIccounting-main\\AIccounting-main\\App\\src\\components\\common\\TabBar.vue","statementMap":{"0":{"start":{"line":22,"column":0},"end":{"line":null,"column":-1}}},"fnMap":{"0":{"name":"data","decl":{"start":{"line":21,"column":0},"end":{"line":null,"column":-1}},"loc":{"start":{"line":21,"column":0},"end":{"line":41,"column":0}}}},"branchMap":{},"s":{"0":1},"f":{"0":1},"b":{}}
,"C:\\Users\\26791\\Documents\\AIccounting-main\\AIccounting-main\\App\\src\\views\\Chart.vue": {"path":"C:\\Users\\26791\\Documents\\AIccounting-main\\AIccounting-main\\App\\src\\views\\Chart.vue","statementMap":{"0":{"start":{"line":224,"column":0},"end":{"line":null,"column":-1}},"1":{"start":{"line":229,"column":0},"end":{"line":null,"column":-1}},"2":{"start":{"line":259,"column":0},"end":{"line":null,"column":-1}},"3":{"start":{"line":262,"column":0},"end":{"line":null,"column":-1}},"4":{"start":{"line":265,"column":0},"end":{"line":null,"column":-1}},"5":{"start":{"line":269,"column":0},"end":{"line":null,"column":-1}},"6":{"start":{"line":274,"column":0},"end":{"line":null,"column":-1}},"7":{"start":{"line":275,"column":0},"end":{"line":283,"column":0}},"8":{"start":{"line":276,"column":0},"end":{"line":null,"column":-1}},"9":{"start":{"line":277,"column":0},"end":{"line":null,"column":-1}},"10":{"start":{"line":278,"column":0},"end":{"line":283,"column":0}},"11":{"start":{"line":279,"column":0},"end":{"line":null,"column":-1}},"12":{"start":{"line":280,"column":0},"end":{"line":null,"column":-1}},"13":{"start":{"line":282,"column":0},"end":{"line":null,"column":-1}},"14":{"start":{"line":284,"column":0},"end":{"line":null,"column":-1}},"15":{"start":{"line":288,"column":0},"end":{"line":null,"column":-1}},"16":{"start":{"line":289,"column":0},"end":{"line":null,"column":-1}},"17":{"start":{"line":291,"column":0},"end":{"line":null,"column":-1}},"18":{"start":{"line":292,"column":0},"end":{"line":327,"column":0}},"19":{"start":{"line":293,"column":0},"end":{"line":null,"column":-1}},"20":{"start":{"line":295,"column":0},"end":{"line":null,"column":-1}},"21":{"start":{"line":296,"column":0},"end":{"line":null,"column":-1}},"22":{"start":{"line":298,"column":0},"end":{"line":305,"column":0}},"23":{"start":{"line":299,"column":0},"end":{"line":null,"column":-1}},"24":{"start":{"line":300,"column":0},"end":{"line":null,"column":-1}},"25":{"start":{"line":305,"column":0},"end":{"line":null,"column":-1}},"26":{"start":{"line":309,"column":0},"end":{"line":316,"column":0}},"27":{"start":{"line":310,"column":0},"end":{"line":null,"column":-1}},"28":{"start":{"line":311,"column":0},"end":{"line":null,"column":-1}},"29":{"start":{"line":316,"column":0},"end":{"line":null,"column":-1}},"30":{"start":{"line":320,"column":0},"end":{"line":null,"column":-1}},"31":{"start":{"line":321,"column":0},"end":{"line":null,"column":-1}},"32":{"start":{"line":323,"column":0},"end":{"line":null,"column":-1}},"33":{"start":{"line":324,"column":0},"end":{"line":null,"column":-1}},"34":{"start":{"line":326,"column":0},"end":{"line":null,"column":-1}},"35":{"start":{"line":331,"column":0},"end":{"line":null,"column":-1}},"36":{"start":{"line":332,"column":0},"end":{"line":null,"column":-1}},"37":{"start":{"line":333,"column":0},"end":{"line":null,"column":-1}},"38":{"start":{"line":336,"column":0},"end":{"line":null,"column":-1}},"39":{"start":{"line":337,"column":0},"end":{"line":null,"column":-1}},"40":{"start":{"line":337,"column":0},"end":{"line":354,"column":0}},"41":{"start":{"line":339,"column":0},"end":{"line":null,"column":-1}},"42":{"start":{"line":340,"column":0},"end":{"line":null,"column":-1}},"43":{"start":{"line":341,"column":0},"end":{"line":null,"column":-1}},"44":{"start":{"line":343,"column":0},"end":{"line":null,"column":-1}},"45":{"start":{"line":344,"column":0},"end":{"line":null,"column":-1}},"46":{"start":{"line":345,"column":0},"end":{"line":354,"column":0}},"47":{"start":{"line":347,"column":0},"end":{"line":null,"column":-1}},"48":{"start":{"line":348,"column":0},"end":{"line":null,"column":-1}},"49":{"start":{"line":349,"column":0},"end":{"line":null,"column":-1}},"50":{"start":{"line":352,"column":0},"end":{"line":null,"column":-1}},"51":{"start":{"line":353,"column":0},"end":{"line":null,"column":-1}},"52":{"start":{"line":356,"column":0},"end":{"line":null,"column":-1}},"53":{"start":{"line":365,"column":0},"end":{"line":null,"column":-1}},"54":{"start":{"line":369,"column":0},"end":{"line":null,"column":-1}},"55":{"start":{"line":371,"column":0},"end":{"line":null,"column":-1}},"56":{"start":{"line":376,"column":0},"end":{"line":null,"column":-1}},"57":{"start":{"line":382,"column":0},"end":{"line":null,"column":-1}},"58":{"start":{"line":383,"column":0},"end":{"line":null,"column":-1}},"59":{"start":{"line":384,"column":0},"end":{"line":null,"column":-1}},"60":{"start":{"line":385,"column":0},"end":{"line":null,"column":-1}},"61":{"start":{"line":393,"column":0},"end":{"line":397,"column":0}},"62":{"start":{"line":394,"column":0},"end":{"line":null,"column":-1}},"63":{"start":{"line":395,"column":0},"end":{"line":null,"column":-1}},"64":{"start":{"line":396,"column":0},"end":{"line":null,"column":-1}},"65":{"start":{"line":400,"column":0},"end":{"line":402,"column":0}},"66":{"start":{"line":401,"column":0},"end":{"line":null,"column":-1}},"67":{"start":{"line":402,"column":0},"end":{"line":null,"column":-1}},"68":{"start":{"line":408,"column":0},"end":{"line":null,"column":-1}},"69":{"start":{"line":409,"column":0},"end":{"line":null,"column":-1}},"70":{"start":{"line":411,"column":0},"end":{"line":null,"column":-1}},"71":{"start":{"line":416,"column":0},"end":{"line":null,"column":-1}},"72":{"start":{"line":417,"column":0},"end":{"line":421,"column":0}},"73":{"start":{"line":418,"column":0},"end":{"line":null,"column":-1}},"74":{"start":{"line":420,"column":0},"end":{"line":null,"column":-1}},"75":{"start":{"line":422,"column":0},"end":{"line":null,"column":-1}},"76":{"start":{"line":423,"column":0},"end":{"line":null,"column":-1}},"77":{"start":{"line":433,"column":0},"end":{"line":null,"column":-1}},"78":{"start":{"line":453,"column":0},"end":{"line":null,"column":-1}},"79":{"start":{"line":458,"column":0},"end":{"line":null,"column":-1}},"80":{"start":{"line":459,"column":0},"end":{"line":463,"column":0}},"81":{"start":{"line":460,"column":0},"end":{"line":null,"column":-1}},"82":{"start":{"line":461,"column":0},"end":{"line":null,"column":-1}},"83":{"start":{"line":462,"column":0},"end":{"line":null,"column":-1}},"84":{"start":{"line":464,"column":0},"end":{"line":null,"column":-1}},"85":{"start":{"line":470,"column":0},"end":{"line":475,"column":0}},"86":{"start":{"line":471,"column":0},"end":{"line":null,"column":-1}},"87":{"start":{"line":472,"column":0},"end":{"line":null,"column":-1}},"88":{"start":{"line":478,"column":0},"end":{"line":null,"column":-1}},"89":{"start":{"line":481,"column":0},"end":{"line":null,"column":-1}},"90":{"start":{"line":482,"column":0},"end":{"line":null,"column":-1}},"91":{"start":{"line":483,"column":0},"end":{"line":null,"column":-1}},"92":{"start":{"line":489,"column":0},"end":{"line":494,"column":0}},"93":{"start":{"line":490,"column":0},"end":{"line":null,"column":-1}},"94":{"start":{"line":491,"column":0},"end":{"line":null,"column":-1}},"95":{"start":{"line":497,"column":0},"end":{"line":null,"column":-1}},"96":{"start":{"line":500,"column":0},"end":{"line":null,"column":-1}},"97":{"start":{"line":501,"column":0},"end":{"line":null,"column":-1}},"98":{"start":{"line":506,"column":0},"end":{"line":511,"column":0}},"99":{"start":{"line":507,"column":0},"end":{"line":null,"column":-1}},"100":{"start":{"line":508,"column":0},"end":{"line":null,"column":-1}},"101":{"start":{"line":513,"column":0},"end":{"line":null,"column":-1}},"102":{"start":{"line":514,"column":0},"end":{"line":null,"column":-1}},"103":{"start":{"line":517,"column":0},"end":{"line":null,"column":-1}},"104":{"start":{"line":536,"column":0},"end":{"line":null,"column":-1}},"105":{"start":{"line":539,"column":0},"end":{"line":null,"column":-1}},"106":{"start":{"line":540,"column":0},"end":{"line":null,"column":-1}},"107":{"start":{"line":541,"column":0},"end":{"line":null,"column":-1}},"108":{"start":{"line":545,"column":0},"end":{"line":null,"column":-1}},"109":{"start":{"line":546,"column":0},"end":{"line":null,"column":-1}},"110":{"start":{"line":547,"column":0},"end":{"line":null,"column":-1}},"111":{"start":{"line":550,"column":0},"end":{"line":null,"column":-1}},"112":{"start":{"line":554,"column":0},"end":{"line":null,"column":-1}},"113":{"start":{"line":555,"column":0},"end":{"line":null,"column":-1}},"114":{"start":{"line":556,"column":0},"end":{"line":null,"column":-1}},"115":{"start":{"line":557,"column":0},"end":{"line":null,"column":-1}},"116":{"start":{"line":561,"column":0},"end":{"line":null,"column":-1}},"117":{"start":{"line":562,"column":0},"end":{"line":null,"column":-1}},"118":{"start":{"line":563,"column":0},"end":{"line":null,"column":-1}},"119":{"start":{"line":564,"column":0},"end":{"line":null,"column":-1}},"120":{"start":{"line":565,"column":0},"end":{"line":567,"column":0}},"121":{"start":{"line":566,"column":0},"end":{"line":null,"column":-1}},"122":{"start":{"line":568,"column":0},"end":{"line":null,"column":-1}},"123":{"start":{"line":571,"column":0},"end":{"line":null,"column":-1}},"124":{"start":{"line":574,"column":0},"end":{"line":null,"column":-1}},"125":{"start":{"line":576,"column":0},"end":{"line":null,"column":-1}},"126":{"start":{"line":577,"column":0},"end":{"line":null,"column":-1}},"127":{"start":{"line":578,"column":0},"end":{"line":582,"column":0}},"128":{"start":{"line":579,"column":0},"end":{"line":null,"column":-1}},"129":{"start":{"line":580,"column":0},"end":{"line":null,"column":-1}},"130":{"start":{"line":581,"column":0},"end":{"line":null,"column":-1}},"131":{"start":{"line":583,"column":0},"end":{"line":null,"column":-1}},"132":{"start":{"line":587,"column":0},"end":{"line":null,"column":-1}},"133":{"start":{"line":588,"column":0},"end":{"line":638,"column":0}},"134":{"start":{"line":590,"column":0},"end":{"line":595,"column":0}},"135":{"start":{"line":592,"column":0},"end":{"line":594,"column":0}},"136":{"start":{"line":593,"column":0},"end":{"line":null,"column":-1}},"137":{"start":{"line":598,"column":0},"end":{"line":null,"column":-1}},"138":{"start":{"line":599,"column":0},"end":{"line":null,"column":-1}},"139":{"start":{"line":600,"column":0},"end":{"line":null,"column":-1}},"140":{"start":{"line":601,"column":0},"end":{"line":null,"column":-1}},"141":{"start":{"line":604,"column":0},"end":{"line":null,"column":-1}},"142":{"start":{"line":605,"column":0},"end":{"line":null,"column":-1}},"143":{"start":{"line":607,"column":0},"end":{"line":612,"column":0}},"144":{"start":{"line":608,"column":0},"end":{"line":null,"column":-1}},"145":{"start":{"line":609,"column":0},"end":{"line":null,"column":-1}},"146":{"start":{"line":610,"column":0},"end":{"line":null,"column":-1}},"147":{"start":{"line":611,"column":0},"end":{"line":null,"column":-1}},"148":{"start":{"line":614,"column":0},"end":{"line":null,"column":-1}},"149":{"start":{"line":614,"column":0},"end":{"line":638,"column":0}},"150":{"start":{"line":615,"column":0},"end":{"line":null,"column":-1}},"151":{"start":{"line":615,"column":0},"end":{"line":638,"column":0}},"152":{"start":{"line":617,"column":0},"end":{"line":637,"column":0}},"153":{"start":{"line":618,"column":0},"end":{"line":629,"column":0}},"154":{"start":{"line":620,"column":0},"end":{"line":627,"column":0}},"155":{"start":{"line":621,"column":0},"end":{"line":null,"column":-1}},"156":{"start":{"line":626,"column":0},"end":{"line":null,"column":-1}},"157":{"start":{"line":628,"column":0},"end":{"line":null,"column":-1}},"158":{"start":{"line":632,"column":0},"end":{"line":null,"column":-1}},"159":{"start":{"line":633,"column":0},"end":{"line":635,"column":0}},"160":{"start":{"line":634,"column":0},"end":{"line":null,"column":-1}},"161":{"start":{"line":636,"column":0},"end":{"line":null,"column":-1}},"162":{"start":{"line":639,"column":0},"end":{"line":null,"column":-1}},"163":{"start":{"line":644,"column":0},"end":{"line":null,"column":-1}},"164":{"start":{"line":645,"column":0},"end":{"line":null,"column":-1}},"165":{"start":{"line":646,"column":0},"end":{"line":null,"column":-1}},"166":{"start":{"line":648,"column":0},"end":{"line":null,"column":-1}},"167":{"start":{"line":649,"column":0},"end":{"line":null,"column":-1}},"168":{"start":{"line":650,"column":0},"end":{"line":null,"column":-1}},"169":{"start":{"line":652,"column":0},"end":{"line":null,"column":-1}},"170":{"start":{"line":653,"column":0},"end":{"line":null,"column":-1}},"171":{"start":{"line":654,"column":0},"end":{"line":660,"column":0}},"172":{"start":{"line":655,"column":0},"end":{"line":null,"column":-1}},"173":{"start":{"line":656,"column":0},"end":{"line":660,"column":0}},"174":{"start":{"line":657,"column":0},"end":{"line":null,"column":-1}},"175":{"start":{"line":659,"column":0},"end":{"line":null,"column":-1}},"176":{"start":{"line":661,"column":0},"end":{"line":null,"column":-1}},"177":{"start":{"line":663,"column":0},"end":{"line":null,"column":-1}},"178":{"start":{"line":664,"column":0},"end":{"line":794,"column":0}},"179":{"start":{"line":666,"column":0},"end":{"line":null,"column":-1}},"180":{"start":{"line":669,"column":0},"end":{"line":713,"column":0}},"181":{"start":{"line":670,"column":0},"end":{"line":null,"column":-1}},"182":{"start":{"line":671,"column":0},"end":{"line":700,"column":0}},"183":{"start":{"line":673,"column":0},"end":{"line":null,"column":-1}},"184":{"start":{"line":679,"column":0},"end":{"line":688,"column":0}},"185":{"start":{"line":680,"column":0},"end":{"line":null,"column":-1}},"186":{"start":{"line":683,"column":0},"end":{"line":null,"column":-1}},"187":{"start":{"line":684,"column":0},"end":{"line":null,"column":-1}},"188":{"start":{"line":685,"column":0},"end":{"line":687,"column":0}},"189":{"start":{"line":686,"column":0},"end":{"line":null,"column":-1}},"190":{"start":{"line":689,"column":0},"end":{"line":700,"column":0}},"191":{"start":{"line":691,"column":0},"end":{"line":null,"column":-1}},"192":{"start":{"line":692,"column":0},"end":{"line":700,"column":0}},"193":{"start":{"line":694,"column":0},"end":{"line":699,"column":0}},"194":{"start":{"line":695,"column":0},"end":{"line":null,"column":-1}},"195":{"start":{"line":696,"column":0},"end":{"line":null,"column":-1}},"196":{"start":{"line":698,"column":0},"end":{"line":null,"column":-1}},"197":{"start":{"line":703,"column":0},"end":{"line":712,"column":0}},"198":{"start":{"line":705,"column":0},"end":{"line":711,"column":0}},"199":{"start":{"line":706,"column":0},"end":{"line":null,"column":-1}},"200":{"start":{"line":707,"column":0},"end":{"line":711,"column":0}},"201":{"start":{"line":708,"column":0},"end":{"line":null,"column":-1}},"202":{"start":{"line":710,"column":0},"end":{"line":null,"column":-1}},"203":{"start":{"line":715,"column":0},"end":{"line":null,"column":-1}},"204":{"start":{"line":715,"column":0},"end":{"line":794,"column":0}},"205":{"start":{"line":717,"column":0},"end":{"line":735,"column":0}},"206":{"start":{"line":718,"column":0},"end":{"line":null,"column":-1}},"207":{"start":{"line":719,"column":0},"end":{"line":null,"column":-1}},"208":{"start":{"line":721,"column":0},"end":{"line":732,"column":0}},"209":{"start":{"line":722,"column":0},"end":{"line":null,"column":-1}},"210":{"start":{"line":723,"column":0},"end":{"line":731,"column":0}},"211":{"start":{"line":724,"column":0},"end":{"line":730,"column":0}},"212":{"start":{"line":725,"column":0},"end":{"line":null,"column":-1}},"213":{"start":{"line":726,"column":0},"end":{"line":730,"column":0}},"214":{"start":{"line":727,"column":0},"end":{"line":null,"column":-1}},"215":{"start":{"line":729,"column":0},"end":{"line":null,"column":-1}},"216":{"start":{"line":734,"column":0},"end":{"line":null,"column":-1}},"217":{"start":{"line":739,"column":0},"end":{"line":null,"column":-1}},"218":{"start":{"line":740,"column":0},"end":{"line":null,"column":-1}},"219":{"start":{"line":741,"column":0},"end":{"line":null,"column":-1}},"220":{"start":{"line":742,"column":0},"end":{"line":null,"column":-1}},"221":{"start":{"line":745,"column":0},"end":{"line":null,"column":-1}},"222":{"start":{"line":746,"column":0},"end":{"line":null,"column":-1}},"223":{"start":{"line":749,"column":0},"end":{"line":753,"column":0}},"224":{"start":{"line":750,"column":0},"end":{"line":null,"column":-1}},"225":{"start":{"line":751,"column":0},"end":{"line":null,"column":-1}},"226":{"start":{"line":752,"column":0},"end":{"line":null,"column":-1}},"227":{"start":{"line":756,"column":0},"end":{"line":791,"column":0}},"228":{"start":{"line":757,"column":0},"end":{"line":790,"column":0}},"229":{"start":{"line":759,"column":0},"end":{"line":null,"column":-1}},"230":{"start":{"line":760,"column":0},"end":{"line":778,"column":0}},"231":{"start":{"line":761,"column":0},"end":{"line":763,"column":0}},"232":{"start":{"line":762,"column":0},"end":{"line":null,"column":-1}},"233":{"start":{"line":764,"column":0},"end":{"line":null,"column":-1}},"234":{"start":{"line":765,"column":0},"end":{"line":775,"column":0}},"235":{"start":{"line":766,"column":0},"end":{"line":null,"column":-1}},"236":{"start":{"line":769,"column":0},"end":{"line":null,"column":-1}},"237":{"start":{"line":770,"column":0},"end":{"line":null,"column":-1}},"238":{"start":{"line":771,"column":0},"end":{"line":null,"column":-1}},"239":{"start":{"line":772,"column":0},"end":{"line":774,"column":0}},"240":{"start":{"line":773,"column":0},"end":{"line":null,"column":-1}},"241":{"start":{"line":777,"column":0},"end":{"line":null,"column":-1}},"242":{"start":{"line":779,"column":0},"end":{"line":790,"column":0}},"243":{"start":{"line":781,"column":0},"end":{"line":null,"column":-1}},"244":{"start":{"line":783,"column":0},"end":{"line":789,"column":0}},"245":{"start":{"line":784,"column":0},"end":{"line":null,"column":-1}},"246":{"start":{"line":785,"column":0},"end":{"line":788,"column":0}},"247":{"start":{"line":786,"column":0},"end":{"line":null,"column":-1}},"248":{"start":{"line":787,"column":0},"end":{"line":null,"column":-1}},"249":{"start":{"line":793,"column":0},"end":{"line":null,"column":-1}},"250":{"start":{"line":796,"column":0},"end":{"line":null,"column":-1}},"251":{"start":{"line":799,"column":0},"end":{"line":null,"column":-1}},"252":{"start":{"line":800,"column":0},"end":{"line":null,"column":-1}},"253":{"start":{"line":801,"column":0},"end":{"line":null,"column":-1}},"254":{"start":{"line":802,"column":0},"end":{"line":null,"column":-1}},"255":{"start":{"line":804,"column":0},"end":{"line":null,"column":-1}},"256":{"start":{"line":805,"column":0},"end":{"line":null,"column":-1}},"257":{"start":{"line":806,"column":0},"end":{"line":810,"column":0}},"258":{"start":{"line":807,"column":0},"end":{"line":null,"column":-1}},"259":{"start":{"line":808,"column":0},"end":{"line":null,"column":-1}},"260":{"start":{"line":809,"column":0},"end":{"line":null,"column":-1}},"261":{"start":{"line":811,"column":0},"end":{"line":null,"column":-1}},"262":{"start":{"line":812,"column":0},"end":{"line":null,"column":-1}},"263":{"start":{"line":815,"column":0},"end":{"line":null,"column":-1}},"264":{"start":{"line":816,"column":0},"end":{"line":null,"column":-1}},"265":{"start":{"line":817,"column":0},"end":{"line":null,"column":-1}},"266":{"start":{"line":818,"column":0},"end":{"line":null,"column":-1}},"267":{"start":{"line":820,"column":0},"end":{"line":null,"column":-1}},"268":{"start":{"line":821,"column":0},"end":{"line":null,"column":-1}},"269":{"start":{"line":822,"column":0},"end":{"line":826,"column":0}},"270":{"start":{"line":823,"column":0},"end":{"line":null,"column":-1}},"271":{"start":{"line":824,"column":0},"end":{"line":null,"column":-1}},"272":{"start":{"line":825,"column":0},"end":{"line":null,"column":-1}},"273":{"start":{"line":827,"column":0},"end":{"line":null,"column":-1}},"274":{"start":{"line":828,"column":0},"end":{"line":null,"column":-1}}},"fnMap":{"0":{"name":"data","decl":{"start":{"line":228,"column":0},"end":{"line":null,"column":-1}},"loc":{"start":{"line":228,"column":0},"end":{"line":256,"column":0}}},"1":{"name":"totalIncome","decl":{"start":{"line":258,"column":0},"end":{"line":null,"column":-1}},"loc":{"start":{"line":258,"column":0},"end":{"line":260,"column":0}}},"2":{"name":"totalExpense","decl":{"start":{"line":261,"column":0},"end":{"line":null,"column":-1}},"loc":{"start":{"line":261,"column":0},"end":{"line":263,"column":0}}},"3":{"name":"totalBalance","decl":{"start":{"line":264,"column":0},"end":{"line":null,"column":-1}},"loc":{"start":{"line":264,"column":0},"end":{"line":266,"column":0}}},"4":{"name":"mounted","decl":{"start":{"line":268,"column":0},"end":{"line":null,"column":-1}},"loc":{"start":{"line":268,"column":0},"end":{"line":270,"column":0}}},"5":{"name":"changeMonth","decl":{"start":{"line":273,"column":0},"end":{"line":null,"column":-1}},"loc":{"start":{"line":273,"column":0},"end":{"line":285,"column":0}}},"6":{"name":"applyFilter","decl":{"start":{"line":287,"column":0},"end":{"line":null,"column":-1}},"loc":{"start":{"line":287,"column":0},"end":{"line":290,"column":0}}},"7":{"name":"processTopTransactions","decl":{"start":{"line":291,"column":0},"end":{"line":null,"column":-1}},"loc":{"start":{"line":291,"column":0},"end":{"line":328,"column":0}}},"8":{"name":"(anonymous_12)","decl":{"start":{"line":298,"column":0},"end":{"line":null,"column":-1}},"loc":{"start":{"line":298,"column":0},"end":{"line":299,"column":0}}},"9":{"name":"(anonymous_14)","decl":{"start":{"line":300,"column":0},"end":{"line":null,"column":-1}},"loc":{"start":{"line":300,"column":0},"end":{"line":305,"column":0}}},"10":{"name":"(anonymous_15)","decl":{"start":{"line":309,"column":0},"end":{"line":null,"column":-1}},"loc":{"start":{"line":309,"column":0},"end":{"line":310,"column":0}}},"11":{"name":"(anonymous_17)","decl":{"start":{"line":311,"column":0},"end":{"line":null,"column":-1}},"loc":{"start":{"line":311,"column":0},"end":{"line":316,"column":0}}},"12":{"name":"fetchChartData","decl":{"start":{"line":331,"column":0},"end":{"line":null,"column":-1}},"loc":{"start":{"line":331,"column":0},"end":{"line":413,"column":0}}},"13":{"name":"(anonymous_21)","decl":{"start":{"line":400,"column":0},"end":{"line":null,"column":-1}},"loc":{"start":{"line":400,"column":0},"end":{"line":401,"column":0}}},"14":{"name":"(anonymous_22)","decl":{"start":{"line":401,"column":0},"end":{"line":null,"column":-1}},"loc":{"start":{"line":401,"column":0},"end":{"line":402,"column":0}}},"15":{"name":"getCategoryData","decl":{"start":{"line":415,"column":0},"end":{"line":null,"column":-1}},"loc":{"start":{"line":415,"column":0},"end":{"line":428,"column":0}}},"16":{"name":"(anonymous_24)","decl":{"start":{"line":422,"column":0},"end":{"line":null,"column":-1}},"loc":{"start":{"line":422,"column":0},"end":{"line":null,"column":-1}}},"17":{"name":"(anonymous_25)","decl":{"start":{"line":423,"column":0},"end":{"line":null,"column":-1}},"loc":{"start":{"line":423,"column":0},"end":{"line":null,"column":-1}}},"18":{"name":"getCategoryColor","decl":{"start":{"line":431,"column":0},"end":{"line":null,"column":-1}},"loc":{"start":{"line":431,"column":0},"end":{"line":454,"column":0}}},"19":{"name":"getLastSevenDays","decl":{"start":{"line":457,"column":0},"end":{"line":null,"column":-1}},"loc":{"start":{"line":457,"column":0},"end":{"line":465,"column":0}}},"20":{"name":"getBarHeight","decl":{"start":{"line":468,"column":0},"end":{"line":null,"column":-1}},"loc":{"start":{"line":468,"column":0},"end":{"line":484,"column":0}}},"21":{"name":"(anonymous_29)","decl":{"start":{"line":470,"column":0},"end":{"line":null,"column":-1}},"loc":{"start":{"line":470,"column":0},"end":{"line":475,"column":0}}},"22":{"name":"(anonymous_30)","decl":{"start":{"line":478,"column":0},"end":{"line":null,"column":-1}},"loc":{"start":{"line":478,"column":0},"end":{"line":null,"column":-1}}},"23":{"name":"getBarWidth","decl":{"start":{"line":487,"column":0},"end":{"line":null,"column":-1}},"loc":{"start":{"line":487,"column":0},"end":{"line":502,"column":0}}},"24":{"name":"(anonymous_32)","decl":{"start":{"line":489,"column":0},"end":{"line":null,"column":-1}},"loc":{"start":{"line":489,"column":0},"end":{"line":494,"column":0}}},"25":{"name":"(anonymous_33)","decl":{"start":{"line":497,"column":0},"end":{"line":null,"column":-1}},"loc":{"start":{"line":497,"column":0},"end":{"line":null,"column":-1}}},"26":{"name":"getDayAmount","decl":{"start":{"line":505,"column":0},"end":{"line":null,"column":-1}},"loc":{"start":{"line":505,"column":0},"end":{"line":515,"column":0}}},"27":{"name":"(anonymous_35)","decl":{"start":{"line":506,"column":0},"end":{"line":null,"column":-1}},"loc":{"start":{"line":506,"column":0},"end":{"line":511,"column":0}}},"28":{"name":"(anonymous_36)","decl":{"start":{"line":513,"column":0},"end":{"line":null,"column":-1}},"loc":{"start":{"line":513,"column":0},"end":{"line":null,"column":-1}}},"29":{"name":"getCategoryIcon","decl":{"start":{"line":516,"column":0},"end":{"line":null,"column":-1}},"loc":{"start":{"line":516,"column":0},"end":{"line":537,"column":0}}},"30":{"name":"toggleCategory","decl":{"start":{"line":538,"column":0},"end":{"line":null,"column":-1}},"loc":{"start":{"line":538,"column":0},"end":{"line":543,"column":0}}},"31":{"name":"resetFilter","decl":{"start":{"line":544,"column":0},"end":{"line":null,"column":-1}},"loc":{"start":{"line":544,"column":0},"end":{"line":548,"column":0}}},"32":{"name":"closeFilter","decl":{"start":{"line":549,"column":0},"end":{"line":null,"column":-1}},"loc":{"start":{"line":549,"column":0},"end":{"line":551,"column":0}}},"33":{"name":"getPieDashArray","decl":{"start":{"line":553,"column":0},"end":{"line":null,"column":-1}},"loc":{"start":{"line":553,"column":0},"end":{"line":558,"column":0}}},"34":{"name":"getPieDashOffset","decl":{"start":{"line":559,"column":0},"end":{"line":null,"column":-1}},"loc":{"start":{"line":559,"column":0},"end":{"line":569,"column":0}}},"35":{"name":"getTotalAmount","decl":{"start":{"line":570,"column":0},"end":{"line":null,"column":-1}},"loc":{"start":{"line":570,"column":0},"end":{"line":572,"column":0}}},"36":{"name":"getMaxAmount","decl":{"start":{"line":574,"column":0},"end":{"line":null,"column":-1}},"loc":{"start":{"line":574,"column":0},"end":{"line":584,"column":0}}},"37":{"name":"(anonymous_45)","decl":{"start":{"line":578,"column":0},"end":{"line":null,"column":-1}},"loc":{"start":{"line":578,"column":0},"end":{"line":582,"column":0}}},"38":{"name":"(anonymous_46)","decl":{"start":{"line":579,"column":0},"end":{"line":null,"column":-1}},"loc":{"start":{"line":579,"column":0},"end":{"line":null,"column":-1}}},"39":{"name":"(anonymous_48)","decl":{"start":{"line":580,"column":0},"end":{"line":null,"column":-1}},"loc":{"start":{"line":580,"column":0},"end":{"line":null,"column":-1}}},"40":{"name":"getTrendXAxisLabels","decl":{"start":{"line":586,"column":0},"end":{"line":null,"column":-1}},"loc":{"start":{"line":586,"column":0},"end":{"line":640,"column":0}}},"41":{"name":"(anonymous_51)","decl":{"start":{"line":593,"column":0},"end":{"line":null,"column":-1}},"loc":{"start":{"line":593,"column":0},"end":{"line":null,"column":-1}}},"42":{"name":"(anonymous_52)","decl":{"start":{"line":615,"column":0},"end":{"line":null,"column":-1}},"loc":{"start":{"line":615,"column":0},"end":{"line":null,"column":-1}}},"43":{"name":"(anonymous_53)","decl":{"start":{"line":618,"column":0},"end":{"line":null,"column":-1}},"loc":{"start":{"line":618,"column":0},"end":{"line":629,"column":0}}},"44":{"name":"getMaxTrendValue","decl":{"start":{"line":643,"column":0},"end":{"line":null,"column":-1}},"loc":{"start":{"line":643,"column":0},"end":{"line":651,"column":0}}},"45":{"name":"getTrendSeriesData","decl":{"start":{"line":652,"column":0},"end":{"line":null,"column":-1}},"loc":{"start":{"line":652,"column":0},"end":{"line":797,"column":0}}},"46":{"name":"(anonymous_56)","decl":{"start":{"line":669,"column":0},"end":{"line":null,"column":-1}},"loc":{"start":{"line":669,"column":0},"end":{"line":713,"column":0}}},"47":{"name":"(anonymous_57)","decl":{"start":{"line":721,"column":0},"end":{"line":null,"column":-1}},"loc":{"start":{"line":721,"column":0},"end":{"line":732,"column":0}}},"48":{"name":"(anonymous_58)","decl":{"start":{"line":756,"column":0},"end":{"line":null,"column":-1}},"loc":{"start":{"line":756,"column":0},"end":{"line":791,"column":0}}},"49":{"name":"(anonymous_59)","decl":{"start":{"line":764,"column":0},"end":{"line":null,"column":-1}},"loc":{"start":{"line":764,"column":0},"end":{"line":null,"column":-1}}},"50":{"name":"(anonymous_60)","decl":{"start":{"line":771,"column":0},"end":{"line":null,"column":-1}},"loc":{"start":{"line":771,"column":0},"end":{"line":null,"column":-1}}},"51":{"name":"(anonymous_61)","decl":{"start":{"line":796,"column":0},"end":{"line":null,"column":-1}},"loc":{"start":{"line":796,"column":0},"end":{"line":null,"column":-1}}},"52":{"name":"getLinePoints","decl":{"start":{"line":799,"column":0},"end":{"line":null,"column":-1}},"loc":{"start":{"line":799,"column":0},"end":{"line":813,"column":0}}},"53":{"name":"(anonymous_63)","decl":{"start":{"line":806,"column":0},"end":{"line":null,"column":-1}},"loc":{"start":{"line":806,"column":0},"end":{"line":810,"column":0}}},"54":{"name":"getLineDots","decl":{"start":{"line":815,"column":0},"end":{"line":null,"column":-1}},"loc":{"start":{"line":815,"column":0},"end":{"line":829,"column":0}}},"55":{"name":"(anonymous_65)","decl":{"start":{"line":822,"column":0},"end":{"line":null,"column":-1}},"loc":{"start":{"line":822,"column":0},"end":{"line":826,"column":0}}}},"branchMap":{"0":{"loc":{"start":{"line":275,"column":0},"end":{"line":283,"column":0}},"type":"if","locations":[{"start":{"line":275,"column":0},"end":{"line":283,"column":0}},{"start":{"line":275,"column":0},"end":{"line":283,"column":0}}]},"1":{"loc":{"start":{"line":278,"column":0},"end":{"line":283,"column":0}},"type":"if","locations":[{"start":{"line":278,"column":0},"end":{"line":283,"column":0}},{"start":{"line":278,"column":0},"end":{"line":283,"column":0}}]},"2":{"loc":{"start":{"line":291,"column":0},"end":{"line":327,"column":0}},"type":"switch","locations":[{"start":{"line":291,"column":0},"end":{"line":327,"column":0}},{"start":{"line":291,"column":0},"end":{"line":null,"column":-1}},{"start":{"line":291,"column":0},"end":{"line":null,"column":-1}}]},"3":{"loc":{"start":{"line":302,"column":0},"end":{"line":null,"column":-1}},"type":"binary-expr","locations":[{"start":{"line":302,"column":0},"end":{"line":null,"column":-1}},{"start":{"line":302,"column":0},"end":{"line":null,"column":-1}}]},"4":{"loc":{"start":{"line":303,"column":0},"end":{"line":null,"column":-1}},"type":"binary-expr","locations":[{"start":{"line":303,"column":0},"end":{"line":null,"column":-1}},{"start":{"line":303,"column":0},"end":{"line":null,"column":-1}}]},"5":{"loc":{"start":{"line":313,"column":0},"end":{"line":null,"column":-1}},"type":"binary-expr","locations":[{"start":{"line":313,"column":0},"end":{"line":null,"column":-1}},{"start":{"line":313,"column":0},"end":{"line":null,"column":-1}}]},"6":{"loc":{"start":{"line":314,"column":0},"end":{"line":null,"column":-1}},"type":"binary-expr","locations":[{"start":{"line":314,"column":0},"end":{"line":null,"column":-1}},{"start":{"line":314,"column":0},"end":{"line":null,"column":-1}}]},"7":{"loc":{"start":{"line":331,"column":0},"end":{"line":null,"column":-1}},"type":"switch","locations":[{"start":{"line":331,"column":0},"end":{"line":null,"column":-1}},{"start":{"line":331,"column":0},"end":{"line":null,"column":-1}},{"start":{"line":331,"column":0},"end":{"line":null,"column":-1}},{"start":{"line":331,"column":0},"end":{"line":null,"column":-1}},{"start":{"line":331,"column":0},"end":{"line":409,"column":0}},{"start":{"line":331,"column":0},"end":{"line":null,"column":-1}},{"start":{"line":331,"column":0},"end":{"line":null,"column":-1}},{"start":{"line":331,"column":0},"end":{"line":null,"column":-1}}]},"8":{"loc":{"start":{"line":337,"column":0},"end":{"line":354,"column":0}},"type":"if","locations":[{"start":{"line":337,"column":0},"end":{"line":354,"column":0}},{"start":{"line":337,"column":0},"end":{"line":354,"column":0}}]},"9":{"loc":{"start":{"line":345,"column":0},"end":{"line":354,"column":0}},"type":"if","locations":[{"start":{"line":345,"column":0},"end":{"line":354,"column":0}},{"start":{"line":345,"column":0},"end":{"line":354,"column":0}}]},"10":{"loc":{"start":{"line":361,"column":0},"end":{"line":null,"column":-1}},"type":"cond-expr","locations":[{"start":{"line":361,"column":0},"end":{"line":null,"column":-1}},{"start":{"line":361,"column":0},"end":{"line":null,"column":-1}}]},"11":{"loc":{"start":{"line":331,"column":0},"end":{"line":null,"column":-1}},"type":"if","locations":[{"start":{"line":331,"column":0},"end":{"line":null,"column":-1}},{"start":{"line":331,"column":0},"end":{"line":null,"column":-1}}]},"12":{"loc":{"start":{"line":383,"column":0},"end":{"line":null,"column":-1}},"type":"binary-expr","locations":[{"start":{"line":383,"column":0},"end":{"line":null,"column":-1}},{"start":{"line":383,"column":0},"end":{"line":null,"column":-1}}]},"13":{"loc":{"start":{"line":384,"column":0},"end":{"line":null,"column":-1}},"type":"binary-expr","locations":[{"start":{"line":384,"column":0},"end":{"line":null,"column":-1}},{"start":{"line":384,"column":0},"end":{"line":null,"column":-1}}]},"14":{"loc":{"start":{"line":393,"column":0},"end":{"line":397,"column":0}},"type":"if","locations":[{"start":{"line":393,"column":0},"end":{"line":397,"column":0}},{"start":{"line":393,"column":0},"end":{"line":397,"column":0}}]},"15":{"loc":{"start":{"line":417,"column":0},"end":{"line":421,"column":0}},"type":"if","locations":[{"start":{"line":417,"column":0},"end":{"line":421,"column":0}},{"start":{"line":417,"column":0},"end":{"line":421,"column":0}}]},"16":{"loc":{"start":{"line":422,"column":0},"end":{"line":null,"column":-1}},"type":"binary-expr","locations":[{"start":{"line":422,"column":0},"end":{"line":null,"column":-1}},{"start":{"line":422,"column":0},"end":{"line":null,"column":-1}}]},"17":{"loc":{"start":{"line":453,"column":0},"end":{"line":null,"column":-1}},"type":"binary-expr","locations":[{"start":{"line":453,"column":0},"end":{"line":null,"column":-1}},{"start":{"line":453,"column":0},"end":{"line":null,"column":-1}}]},"18":{"loc":{"start":{"line":472,"column":0},"end":{"line":null,"column":-1}},"type":"binary-expr","locations":[{"start":{"line":472,"column":0},"end":{"line":null,"column":-1}},{"start":{"line":472,"column":0},"end":{"line":null,"column":-1}},{"start":{"line":472,"column":0},"end":{"line":null,"column":-1}},{"start":{"line":472,"column":0},"end":{"line":null,"column":-1}},{"start":{"line":472,"column":0},"end":{"line":null,"column":-1}}]},"19":{"loc":{"start":{"line":491,"column":0},"end":{"line":null,"column":-1}},"type":"binary-expr","locations":[{"start":{"line":491,"column":0},"end":{"line":null,"column":-1}},{"start":{"line":491,"column":0},"end":{"line":null,"column":-1}},{"start":{"line":491,"column":0},"end":{"line":null,"column":-1}},{"start":{"line":491,"column":0},"end":{"line":null,"column":-1}},{"start":{"line":491,"column":0},"end":{"line":null,"column":-1}}]},"20":{"loc":{"start":{"line":508,"column":0},"end":{"line":null,"column":-1}},"type":"binary-expr","locations":[{"start":{"line":508,"column":0},"end":{"line":null,"column":-1}},{"start":{"line":508,"column":0},"end":{"line":null,"column":-1}},{"start":{"line":508,"column":0},"end":{"line":null,"column":-1}},{"start":{"line":508,"column":0},"end":{"line":null,"column":-1}},{"start":{"line":508,"column":0},"end":{"line":null,"column":-1}}]},"21":{"loc":{"start":{"line":514,"column":0},"end":{"line":null,"column":-1}},"type":"cond-expr","locations":[{"start":{"line":514,"column":0},"end":{"line":null,"column":-1}},{"start":{"line":514,"column":0},"end":{"line":null,"column":-1}}]},"22":{"loc":{"start":{"line":536,"column":0},"end":{"line":null,"column":-1}},"type":"binary-expr","locations":[{"start":{"line":536,"column":0},"end":{"line":null,"column":-1}},{"start":{"line":536,"column":0},"end":{"line":null,"column":-1}}]},"23":{"loc":{"start":{"line":539,"column":0},"end":{"line":null,"column":-1}},"type":"cond-expr","locations":[{"start":{"line":539,"column":0},"end":{"line":null,"column":-1}},{"start":{"line":539,"column":0},"end":{"line":null,"column":-1}}]},"24":{"loc":{"start":{"line":541,"column":0},"end":{"line":null,"column":-1}},"type":"if","locations":[{"start":{"line":541,"column":0},"end":{"line":null,"column":-1}},{"start":{"line":541,"column":0},"end":{"line":null,"column":-1}}]},"25":{"loc":{"start":{"line":571,"column":0},"end":{"line":null,"column":-1}},"type":"cond-expr","locations":[{"start":{"line":571,"column":0},"end":{"line":null,"column":-1}},{"start":{"line":571,"column":0},"end":{"line":null,"column":-1}}]},"26":{"loc":{"start":{"line":579,"column":0},"end":{"line":null,"column":-1}},"type":"binary-expr","locations":[{"start":{"line":579,"column":0},"end":{"line":null,"column":-1}},{"start":{"line":579,"column":0},"end":{"line":null,"column":-1}}]},"27":{"loc":{"start":{"line":580,"column":0},"end":{"line":null,"column":-1}},"type":"binary-expr","locations":[{"start":{"line":580,"column":0},"end":{"line":null,"column":-1}},{"start":{"line":580,"column":0},"end":{"line":null,"column":-1}}]},"28":{"loc":{"start":{"line":587,"column":0},"end":{"line":null,"column":-1}},"type":"if","locations":[{"start":{"line":587,"column":0},"end":{"line":null,"column":-1}},{"start":{"line":587,"column":0},"end":{"line":null,"column":-1}}]},"29":{"loc":{"start":{"line":588,"column":0},"end":{"line":638,"column":0}},"type":"if","locations":[{"start":{"line":588,"column":0},"end":{"line":638,"column":0}},{"start":{"line":588,"column":0},"end":{"line":638,"column":0}}]},"30":{"loc":{"start":{"line":590,"column":0},"end":{"line":595,"column":0}},"type":"if","locations":[{"start":{"line":590,"column":0},"end":{"line":595,"column":0}},{"start":{"line":590,"column":0},"end":{"line":595,"column":0}}]},"31":{"loc":{"start":{"line":590,"column":0},"end":{"line":null,"column":-1}},"type":"binary-expr","locations":[{"start":{"line":590,"column":0},"end":{"line":null,"column":-1}},{"start":{"line":590,"column":0},"end":{"line":null,"column":-1}}]},"32":{"loc":{"start":{"line":592,"column":0},"end":{"line":594,"column":0}},"type":"if","locations":[{"start":{"line":592,"column":0},"end":{"line":594,"column":0}},{"start":{"line":592,"column":0},"end":{"line":594,"column":0}}]},"33":{"loc":{"start":{"line":593,"column":0},"end":{"line":null,"column":-1}},"type":"binary-expr","locations":[{"start":{"line":593,"column":0},"end":{"line":null,"column":-1}},{"start":{"line":593,"column":0},"end":{"line":null,"column":-1}}]},"34":{"loc":{"start":{"line":614,"column":0},"end":{"line":638,"column":0}},"type":"if","locations":[{"start":{"line":614,"column":0},"end":{"line":638,"column":0}},{"start":{"line":614,"column":0},"end":{"line":638,"column":0}}]},"35":{"loc":{"start":{"line":615,"column":0},"end":{"line":null,"column":-1}},"type":"binary-expr","locations":[{"start":{"line":615,"column":0},"end":{"line":null,"column":-1}},{"start":{"line":615,"column":0},"end":{"line":null,"column":-1}}]},"36":{"loc":{"start":{"line":615,"column":0},"end":{"line":638,"column":0}},"type":"if","locations":[{"start":{"line":615,"column":0},"end":{"line":638,"column":0}},{"start":{"line":615,"column":0},"end":{"line":638,"column":0}}]},"37":{"loc":{"start":{"line":617,"column":0},"end":{"line":637,"column":0}},"type":"if","locations":[{"start":{"line":617,"column":0},"end":{"line":637,"column":0}},{"start":{"line":617,"column":0},"end":{"line":637,"column":0}}]},"38":{"loc":{"start":{"line":617,"column":0},"end":{"line":null,"column":-1}},"type":"binary-expr","locations":[{"start":{"line":617,"column":0},"end":{"line":null,"column":-1}},{"start":{"line":617,"column":0},"end":{"line":null,"column":-1}}]},"39":{"loc":{"start":{"line":620,"column":0},"end":{"line":627,"column":0}},"type":"if","locations":[{"start":{"line":620,"column":0},"end":{"line":627,"column":0}},{"start":{"line":620,"column":0},"end":{"line":627,"column":0}}]},"40":{"loc":{"start":{"line":626,"column":0},"end":{"line":null,"column":-1}},"type":"binary-expr","locations":[{"start":{"line":626,"column":0},"end":{"line":null,"column":-1}},{"start":{"line":626,"column":0},"end":{"line":null,"column":-1}}]},"41":{"loc":{"start":{"line":652,"column":0},"end":{"line":null,"column":-1}},"type":"cond-expr","locations":[{"start":{"line":652,"column":0},"end":{"line":null,"column":-1}},{"start":{"line":652,"column":0},"end":{"line":null,"column":-1}}]},"42":{"loc":{"start":{"line":654,"column":0},"end":{"line":660,"column":0}},"type":"if","locations":[{"start":{"line":654,"column":0},"end":{"line":660,"column":0}},{"start":{"line":654,"column":0},"end":{"line":660,"column":0}}]},"43":{"loc":{"start":{"line":656,"column":0},"end":{"line":660,"column":0}},"type":"if","locations":[{"start":{"line":656,"column":0},"end":{"line":660,"column":0}},{"start":{"line":656,"column":0},"end":{"line":660,"column":0}}]},"44":{"loc":{"start":{"line":663,"column":0},"end":{"line":null,"column":-1}},"type":"if","locations":[{"start":{"line":663,"column":0},"end":{"line":null,"column":-1}},{"start":{"line":663,"column":0},"end":{"line":null,"column":-1}}]},"45":{"loc":{"start":{"line":664,"column":0},"end":{"line":794,"column":0}},"type":"if","locations":[{"start":{"line":664,"column":0},"end":{"line":794,"column":0}},{"start":{"line":664,"column":0},"end":{"line":794,"column":0}}]},"46":{"loc":{"start":{"line":671,"column":0},"end":{"line":700,"column":0}},"type":"if","locations":[{"start":{"line":671,"column":0},"end":{"line":700,"column":0}},{"start":{"line":671,"column":0},"end":{"line":700,"column":0}}]},"47":{"loc":{"start":{"line":679,"column":0},"end":{"line":688,"column":0}},"type":"if","locations":[{"start":{"line":679,"column":0},"end":{"line":688,"column":0}},{"start":{"line":679,"column":0},"end":{"line":688,"column":0}}]},"48":{"loc":{"start":{"line":685,"column":0},"end":{"line":687,"column":0}},"type":"if","locations":[{"start":{"line":685,"column":0},"end":{"line":687,"column":0}},{"start":{"line":685,"column":0},"end":{"line":687,"column":0}}]},"49":{"loc":{"start":{"line":689,"column":0},"end":{"line":700,"column":0}},"type":"if","locations":[{"start":{"line":689,"column":0},"end":{"line":700,"column":0}},{"start":{"line":689,"column":0},"end":{"line":700,"column":0}}]},"50":{"loc":{"start":{"line":692,"column":0},"end":{"line":700,"column":0}},"type":"if","locations":[{"start":{"line":692,"column":0},"end":{"line":700,"column":0}},{"start":{"line":692,"column":0},"end":{"line":700,"column":0}}]},"51":{"loc":{"start":{"line":703,"column":0},"end":{"line":712,"column":0}},"type":"if","locations":[{"start":{"line":703,"column":0},"end":{"line":712,"column":0}},{"start":{"line":703,"column":0},"end":{"line":712,"column":0}}]},"52":{"loc":{"start":{"line":703,"column":0},"end":{"line":null,"column":-1}},"type":"binary-expr","locations":[{"start":{"line":703,"column":0},"end":{"line":null,"column":-1}},{"start":{"line":703,"column":0},"end":{"line":null,"column":-1}}]},"53":{"loc":{"start":{"line":705,"column":0},"end":{"line":711,"column":0}},"type":"if","locations":[{"start":{"line":705,"column":0},"end":{"line":711,"column":0}},{"start":{"line":705,"column":0},"end":{"line":711,"column":0}}]},"54":{"loc":{"start":{"line":705,"column":0},"end":{"line":null,"column":-1}},"type":"binary-expr","locations":[{"start":{"line":705,"column":0},"end":{"line":null,"column":-1}},{"start":{"line":705,"column":0},"end":{"line":null,"column":-1}}]},"55":{"loc":{"start":{"line":706,"column":0},"end":{"line":null,"column":-1}},"type":"binary-expr","locations":[{"start":{"line":706,"column":0},"end":{"line":null,"column":-1}},{"start":{"line":706,"column":0},"end":{"line":null,"column":-1}}]},"56":{"loc":{"start":{"line":707,"column":0},"end":{"line":711,"column":0}},"type":"if","locations":[{"start":{"line":707,"column":0},"end":{"line":711,"column":0}},{"start":{"line":707,"column":0},"end":{"line":711,"column":0}}]},"57":{"loc":{"start":{"line":707,"column":0},"end":{"line":null,"column":-1}},"type":"binary-expr","locations":[{"start":{"line":707,"column":0},"end":{"line":null,"column":-1}},{"start":{"line":707,"column":0},"end":{"line":null,"column":-1}}]},"58":{"loc":{"start":{"line":708,"column":0},"end":{"line":null,"column":-1}},"type":"binary-expr","locations":[{"start":{"line":708,"column":0},"end":{"line":null,"column":-1}},{"start":{"line":708,"column":0},"end":{"line":null,"column":-1}}]},"59":{"loc":{"start":{"line":710,"column":0},"end":{"line":null,"column":-1}},"type":"binary-expr","locations":[{"start":{"line":710,"column":0},"end":{"line":null,"column":-1}},{"start":{"line":710,"column":0},"end":{"line":null,"column":-1}}]},"60":{"loc":{"start":{"line":715,"column":0},"end":{"line":794,"column":0}},"type":"if","locations":[{"start":{"line":715,"column":0},"end":{"line":794,"column":0}},{"start":{"line":715,"column":0},"end":{"line":794,"column":0}}]},"61":{"loc":{"start":{"line":717,"column":0},"end":{"line":735,"column":0}},"type":"if","locations":[{"start":{"line":717,"column":0},"end":{"line":735,"column":0}},{"start":{"line":717,"column":0},"end":{"line":735,"column":0}}]},"62":{"loc":{"start":{"line":717,"column":0},"end":{"line":null,"column":-1}},"type":"binary-expr","locations":[{"start":{"line":717,"column":0},"end":{"line":null,"column":-1}},{"start":{"line":717,"column":0},"end":{"line":null,"column":-1}},{"start":{"line":717,"column":0},"end":{"line":null,"column":-1}}]},"63":{"loc":{"start":{"line":723,"column":0},"end":{"line":731,"column":0}},"type":"if","locations":[{"start":{"line":723,"column":0},"end":{"line":731,"column":0}},{"start":{"line":723,"column":0},"end":{"line":731,"column":0}}]},"64":{"loc":{"start":{"line":724,"column":0},"end":{"line":730,"column":0}},"type":"if","locations":[{"start":{"line":724,"column":0},"end":{"line":730,"column":0}},{"start":{"line":724,"column":0},"end":{"line":730,"column":0}}]},"65":{"loc":{"start":{"line":724,"column":0},"end":{"line":null,"column":-1}},"type":"binary-expr","locations":[{"start":{"line":724,"column":0},"end":{"line":null,"column":-1}},{"start":{"line":724,"column":0},"end":{"line":null,"column":-1}}]},"66":{"loc":{"start":{"line":725,"column":0},"end":{"line":null,"column":-1}},"type":"binary-expr","locations":[{"start":{"line":725,"column":0},"end":{"line":null,"column":-1}},{"start":{"line":725,"column":0},"end":{"line":null,"column":-1}}]},"67":{"loc":{"start":{"line":726,"column":0},"end":{"line":730,"column":0}},"type":"if","locations":[{"start":{"line":726,"column":0},"end":{"line":730,"column":0}},{"start":{"line":726,"column":0},"end":{"line":730,"column":0}}]},"68":{"loc":{"start":{"line":726,"column":0},"end":{"line":null,"column":-1}},"type":"binary-expr","locations":[{"start":{"line":726,"column":0},"end":{"line":null,"column":-1}},{"start":{"line":726,"column":0},"end":{"line":null,"column":-1}}]},"69":{"loc":{"start":{"line":727,"column":0},"end":{"line":null,"column":-1}},"type":"binary-expr","locations":[{"start":{"line":727,"column":0},"end":{"line":null,"column":-1}},{"start":{"line":727,"column":0},"end":{"line":null,"column":-1}}]},"70":{"loc":{"start":{"line":729,"column":0},"end":{"line":null,"column":-1}},"type":"binary-expr","locations":[{"start":{"line":729,"column":0},"end":{"line":null,"column":-1}},{"start":{"line":729,"column":0},"end":{"line":null,"column":-1}}]},"71":{"loc":{"start":{"line":757,"column":0},"end":{"line":790,"column":0}},"type":"if","locations":[{"start":{"line":757,"column":0},"end":{"line":790,"column":0}},{"start":{"line":757,"column":0},"end":{"line":790,"column":0}}]},"72":{"loc":{"start":{"line":761,"column":0},"end":{"line":763,"column":0}},"type":"if","locations":[{"start":{"line":761,"column":0},"end":{"line":763,"column":0}},{"start":{"line":761,"column":0},"end":{"line":763,"column":0}}]},"73":{"loc":{"start":{"line":761,"column":0},"end":{"line":null,"column":-1}},"type":"binary-expr","locations":[{"start":{"line":761,"column":0},"end":{"line":null,"column":-1}},{"start":{"line":761,"column":0},"end":{"line":null,"column":-1}}]},"74":{"loc":{"start":{"line":765,"column":0},"end":{"line":775,"column":0}},"type":"if","locations":[{"start":{"line":765,"column":0},"end":{"line":775,"column":0}},{"start":{"line":765,"column":0},"end":{"line":775,"column":0}}]},"75":{"loc":{"start":{"line":766,"column":0},"end":{"line":null,"column":-1}},"type":"binary-expr","locations":[{"start":{"line":766,"column":0},"end":{"line":null,"column":-1}},{"start":{"line":766,"column":0},"end":{"line":null,"column":-1}}]},"76":{"loc":{"start":{"line":772,"column":0},"end":{"line":774,"column":0}},"type":"if","locations":[{"start":{"line":772,"column":0},"end":{"line":774,"column":0}},{"start":{"line":772,"column":0},"end":{"line":774,"column":0}}]},"77":{"loc":{"start":{"line":773,"column":0},"end":{"line":null,"column":-1}},"type":"binary-expr","locations":[{"start":{"line":773,"column":0},"end":{"line":null,"column":-1}},{"start":{"line":773,"column":0},"end":{"line":null,"column":-1}}]},"78":{"loc":{"start":{"line":779,"column":0},"end":{"line":790,"column":0}},"type":"if","locations":[{"start":{"line":779,"column":0},"end":{"line":790,"column":0}},{"start":{"line":779,"column":0},"end":{"line":790,"column":0}}]},"79":{"loc":{"start":{"line":785,"column":0},"end":{"line":788,"column":0}},"type":"if","locations":[{"start":{"line":785,"column":0},"end":{"line":788,"column":0}},{"start":{"line":785,"column":0},"end":{"line":788,"column":0}}]},"80":{"loc":{"start":{"line":786,"column":0},"end":{"line":null,"column":-1}},"type":"binary-expr","locations":[{"start":{"line":786,"column":0},"end":{"line":null,"column":-1}},{"start":{"line":786,"column":0},"end":{"line":null,"column":-1}}]},"81":{"loc":{"start":{"line":796,"column":0},"end":{"line":null,"column":-1}},"type":"binary-expr","locations":[{"start":{"line":796,"column":0},"end":{"line":null,"column":-1}},{"start":{"line":796,"column":0},"end":{"line":null,"column":-1}}]},"82":{"loc":{"start":{"line":799,"column":0},"end":{"line":null,"column":-1}},"type":"cond-expr","locations":[{"start":{"line":799,"column":0},"end":{"line":null,"column":-1}},{"start":{"line":799,"column":0},"end":{"line":null,"column":-1}}]},"83":{"loc":{"start":{"line":802,"column":0},"end":{"line":null,"column":-1}},"type":"if","locations":[{"start":{"line":802,"column":0},"end":{"line":null,"column":-1}},{"start":{"line":802,"column":0},"end":{"line":null,"column":-1}}]},"84":{"loc":{"start":{"line":815,"column":0},"end":{"line":null,"column":-1}},"type":"cond-expr","locations":[{"start":{"line":815,"column":0},"end":{"line":null,"column":-1}},{"start":{"line":815,"column":0},"end":{"line":null,"column":-1}}]},"85":{"loc":{"start":{"line":818,"column":0},"end":{"line":null,"column":-1}},"type":"if","locations":[{"start":{"line":818,"column":0},"end":{"line":null,"column":-1}},{"start":{"line":818,"column":0},"end":{"line":null,"column":-1}}]}},"s":{"0":0,"1":0,"2":0,"3":0,"4":0,"5":0,"6":0,"7":0,"8":0,"9":0,"10":0,"11":0,"12":0,"13":0,"14":0,"15":0,"16":0,"17":0,"18":0,"19":0,"20":0,"21":0,"22":0,"23":0,"24":0,"25":0,"26":0,"27":0,"28":0,"29":0,"30":0,"31":0,"32":0,"33":0,"34":0,"35":0,"36":0,"37":0,"38":0,"39":0,"40":0,"41":0,"42":0,"43":0,"44":0,"45":0,"46":0,"47":0,"48":0,"49":0,"50":0,"51":0,"52":0,"53":0,"54":0,"55":0,"56":0,"57":0,"58":0,"59":0,"60":0,"61":0,"62":0,"63":0,"64":0,"65":0,"66":0,"67":0,"68":0,"69":0,"70":0,"71":0,"72":0,"73":0,"74":0,"75":0,"76":0,"77":0,"78":0,"79":0,"80":0,"81":0,"82":0,"83":0,"84":0,"85":0,"86":0,"87":0,"88":0,"89":0,"90":0,"91":0,"92":0,"93":0,"94":0,"95":0,"96":0,"97":0,"98":0,"99":0,"100":0,"101":0,"102":0,"103":0,"104":0,"105":0,"106":0,"107":0,"108":0,"109":0,"110":0,"111":0,"112":0,"113":0,"114":0,"115":0,"116":0,"117":0,"118":0,"119":0,"120":0,"121":0,"122":0,"123":0,"124":0,"125":0,"126":0,"127":0,"128":0,"129":0,"130":0,"131":0,"132":0,"133":0,"134":0,"135":0,"136":0,"137":0,"138":0,"139":0,"140":0,"141":0,"142":0,"143":0,"144":0,"145":0,"146":0,"147":0,"148":0,"149":0,"150":0,"151":0,"152":0,"153":0,"154":0,"155":0,"156":0,"157":0,"158":0,"159":0,"160":0,"161":0,"162":0,"163":0,"164":0,"165":0,"166":0,"167":0,"168":0,"169":0,"170":0,"171":0,"172":0,"173":0,"174":0,"175":0,"176":0,"177":0,"178":0,"179":0,"180":0,"181":0,"182":0,"183":0,"184":0,"185":0,"186":0,"187":0,"188":0,"189":0,"190":0,"191":0,"192":0,"193":0,"194":0,"195":0,"196":0,"197":0,"198":0,"199":0,"200":0,"201":0,"202":0,"203":0,"204":0,"205":0,"206":0,"207":0,"208":0,"209":0,"210":0,"211":0,"212":0,"213":0,"214":0,"215":0,"216":0,"217":0,"218":0,"219":0,"220":0,"221":0,"222":0,"223":0,"224":0,"225":0,"226":0,"227":0,"228":0,"229":0,"230":0,"231":0,"232":0,"233":0,"234":0,"235":0,"236":0,"237":0,"238":0,"239":0,"240":0,"241":0,"242":0,"243":0,"244":0,"245":0,"246":0,"247":0,"248":0,"249":0,"250":0,"251":0,"252":0,"253":0,"254":0,"255":0,"256":0,"257":0,"258":0,"259":0,"260":0,"261":0,"262":0,"263":0,"264":0,"265":0,"266":0,"267":0,"268":0,"269":0,"270":0,"271":0,"272":0,"273":0,"274":0},"f":{"0":0,"1":0,"2":0,"3":0,"4":0,"5":0,"6":0,"7":0,"8":0,"9":0,"10":0,"11":0,"12":0,"13":0,"14":0,"15":0,"16":0,"17":0,"18":0,"19":0,"20":0,"21":0,"22":0,"23":0,"24":0,"25":0,"26":0,"27":0,"28":0,"29":0,"30":0,"31":0,"32":0,"33":0,"34":0,"35":0,"36":0,"37":0,"38":0,"39":0,"40":0,"41":0,"42":0,"43":0,"44":0,"45":0,"46":0,"47":0,"48":0,"49":0,"50":0,"51":0,"52":0,"53":0,"54":0,"55":0},"b":{"0":[0,0],"1":[0,0],"2":[0,0,0],"3":[0,0],"4":[0,0],"5":[0,0],"6":[0,0],"7":[0,0,0,0,0,0,0,0],"8":[0,0],"9":[0,0],"10":[0,0],"11":[0,0],"12":[0,0],"13":[0,0],"14":[0,0],"15":[0,0],"16":[0,0],"17":[0,0],"18":[0,0,0,0,0],"19":[0,0,0,0,0],"20":[0,0,0,0,0],"21":[0,0],"22":[0,0],"23":[0,0],"24":[0,0],"25":[0,0],"26":[0,0],"27":[0,0],"28":[0,0],"29":[0,0],"30":[0,0],"31":[0,0],"32":[0,0],"33":[0,0],"34":[0,0],"35":[0,0],"36":[0,0],"37":[0,0],"38":[0,0],"39":[0,0],"40":[0,0],"41":[0,0],"42":[0,0],"43":[0,0],"44":[0,0],"45":[0,0],"46":[0,0],"47":[0,0],"48":[0,0],"49":[0,0],"50":[0,0],"51":[0,0],"52":[0,0],"53":[0,0],"54":[0,0],"55":[0,0],"56":[0,0],"57":[0,0],"58":[0,0],"59":[0,0],"60":[0,0],"61":[0,0],"62":[0,0,0],"63":[0,0],"64":[0,0],"65":[0,0],"66":[0,0],"67":[0,0],"68":[0,0],"69":[0,0],"70":[0,0],"71":[0,0],"72":[0,0],"73":[0,0],"74":[0,0],"75":[0,0],"76":[0,0],"77":[0,0],"78":[0,0],"79":[0,0],"80":[0,0],"81":[0,0],"82":[0,0],"83":[0,0],"84":[0,0],"85":[0,0]}}
,"C:\\Users\\26791\\Documents\\AIccounting-main\\AIccounting-main\\App\\src\\views\\Details.vue": {"path":"C:\\Users\\26791\\Documents\\AIccounting-main\\AIccounting-main\\App\\src\\views\\Details.vue","statementMap":{"0":{"start":{"line":88,"column":0},"end":{"line":null,"column":-1}},"1":{"start":{"line":93,"column":0},"end":{"line":null,"column":-1}},"2":{"start":{"line":108,"column":0},"end":{"line":null,"column":-1}},"3":{"start":{"line":113,"column":0},"end":{"line":null,"column":-1}},"4":{"start":{"line":114,"column":0},"end":{"line":122,"column":0}},"5":{"start":{"line":115,"column":0},"end":{"line":null,"column":-1}},"6":{"start":{"line":116,"column":0},"end":{"line":null,"column":-1}},"7":{"start":{"line":117,"column":0},"end":{"line":122,"column":0}},"8":{"start":{"line":118,"column":0},"end":{"line":null,"column":-1}},"9":{"start":{"line":119,"column":0},"end":{"line":null,"column":-1}},"10":{"start":{"line":121,"column":0},"end":{"line":null,"column":-1}},"11":{"start":{"line":124,"column":0},"end":{"line":null,"column":-1}},"12":{"start":{"line":128,"column":0},"end":{"line":null,"column":-1}},"13":{"start":{"line":129,"column":0},"end":{"line":null,"column":-1}},"14":{"start":{"line":130,"column":0},"end":{"line":null,"column":-1}},"15":{"start":{"line":132,"column":0},"end":{"line":null,"column":-1}},"16":{"start":{"line":133,"column":0},"end":{"line":null,"column":-1}},"17":{"start":{"line":134,"column":0},"end":{"line":null,"column":-1}},"18":{"start":{"line":135,"column":0},"end":{"line":null,"column":-1}},"19":{"start":{"line":136,"column":0},"end":{"line":null,"column":-1}},"20":{"start":{"line":128,"column":0},"end":{"line":144,"column":0}},"21":{"start":{"line":144,"column":0},"end":{"line":null,"column":-1}},"22":{"start":{"line":157,"column":0},"end":{"line":null,"column":-1}},"23":{"start":{"line":165,"column":0},"end":{"line":null,"column":-1}},"24":{"start":{"line":168,"column":0},"end":{"line":null,"column":-1}},"25":{"start":{"line":169,"column":0},"end":{"line":null,"column":-1}},"26":{"start":{"line":171,"column":0},"end":{"line":null,"column":-1}},"27":{"start":{"line":177,"column":0},"end":{"line":null,"column":-1}},"28":{"start":{"line":179,"column":0},"end":{"line":209,"column":0}},"29":{"start":{"line":181,"column":0},"end":{"line":null,"column":-1}},"30":{"start":{"line":182,"column":0},"end":{"line":189,"column":0}},"31":{"start":{"line":184,"column":0},"end":{"line":null,"column":-1}},"32":{"start":{"line":185,"column":0},"end":{"line":187,"column":0}},"33":{"start":{"line":187,"column":0},"end":{"line":null,"column":-1}},"34":{"start":{"line":185,"column":0},"end":{"line":null,"column":-1}},"35":{"start":{"line":188,"column":0},"end":{"line":null,"column":-1}},"36":{"start":{"line":191,"column":0},"end":{"line":194,"column":0}},"37":{"start":{"line":192,"column":0},"end":{"line":null,"column":-1}},"38":{"start":{"line":193,"column":0},"end":{"line":null,"column":-1}},"39":{"start":{"line":196,"column":0},"end":{"line":null,"column":-1}},"40":{"start":{"line":197,"column":0},"end":{"line":null,"column":-1}},"41":{"start":{"line":198,"column":0},"end":{"line":null,"column":-1}},"42":{"start":{"line":199,"column":0},"end":{"line":null,"column":-1}},"43":{"start":{"line":201,"column":0},"end":{"line":205,"column":0}},"44":{"start":{"line":202,"column":0},"end":{"line":null,"column":-1}},"45":{"start":{"line":204,"column":0},"end":{"line":null,"column":-1}},"46":{"start":{"line":207,"column":0},"end":{"line":null,"column":-1}},"47":{"start":{"line":208,"column":0},"end":{"line":null,"column":-1}},"48":{"start":{"line":214,"column":0},"end":{"line":null,"column":-1}},"49":{"start":{"line":216,"column":0},"end":{"line":236,"column":0}},"50":{"start":{"line":217,"column":0},"end":{"line":null,"column":-1}},"51":{"start":{"line":218,"column":0},"end":{"line":223,"column":0}},"52":{"start":{"line":219,"column":0},"end":{"line":null,"column":-1}},"53":{"start":{"line":220,"column":0},"end":{"line":221,"column":0}},"54":{"start":{"line":221,"column":0},"end":{"line":null,"column":-1}},"55":{"start":{"line":220,"column":0},"end":{"line":null,"column":-1}},"56":{"start":{"line":222,"column":0},"end":{"line":null,"column":-1}},"57":{"start":{"line":225,"column":0},"end":{"line":227,"column":0}},"58":{"start":{"line":226,"column":0},"end":{"line":null,"column":-1}},"59":{"start":{"line":229,"column":0},"end":{"line":null,"column":-1}},"60":{"start":{"line":230,"column":0},"end":{"line":null,"column":-1}},"61":{"start":{"line":234,"column":0},"end":{"line":null,"column":-1}},"62":{"start":{"line":235,"column":0},"end":{"line":null,"column":-1}},"63":{"start":{"line":241,"column":0},"end":{"line":null,"column":-1}},"64":{"start":{"line":243,"column":0},"end":{"line":261,"column":0}},"65":{"start":{"line":244,"column":0},"end":{"line":null,"column":-1}},"66":{"start":{"line":245,"column":0},"end":{"line":250,"column":0}},"67":{"start":{"line":246,"column":0},"end":{"line":null,"column":-1}},"68":{"start":{"line":247,"column":0},"end":{"line":248,"column":0}},"69":{"start":{"line":248,"column":0},"end":{"line":null,"column":-1}},"70":{"start":{"line":247,"column":0},"end":{"line":null,"column":-1}},"71":{"start":{"line":249,"column":0},"end":{"line":null,"column":-1}},"72":{"start":{"line":252,"column":0},"end":{"line":254,"column":0}},"73":{"start":{"line":253,"column":0},"end":{"line":null,"column":-1}},"74":{"start":{"line":256,"column":0},"end":{"line":null,"column":-1}},"75":{"start":{"line":257,"column":0},"end":{"line":null,"column":-1}},"76":{"start":{"line":259,"column":0},"end":{"line":null,"column":-1}},"77":{"start":{"line":260,"column":0},"end":{"line":null,"column":-1}},"78":{"start":{"line":265,"column":0},"end":{"line":null,"column":-1}},"79":{"start":{"line":266,"column":0},"end":{"line":269,"column":0}},"80":{"start":{"line":267,"column":0},"end":{"line":null,"column":-1}},"81":{"start":{"line":268,"column":0},"end":{"line":null,"column":-1}},"82":{"start":{"line":271,"column":0},"end":{"line":null,"column":-1}},"83":{"start":{"line":273,"column":0},"end":{"line":315,"column":0}},"84":{"start":{"line":274,"column":0},"end":{"line":null,"column":-1}},"85":{"start":{"line":277,"column":0},"end":{"line":null,"column":-1}},"86":{"start":{"line":278,"column":0},"end":{"line":284,"column":0}},"87":{"start":{"line":280,"column":0},"end":{"line":null,"column":-1}},"88":{"start":{"line":281,"column":0},"end":{"line":284,"column":0}},"89":{"start":{"line":283,"column":0},"end":{"line":null,"column":-1}},"90":{"start":{"line":286,"column":0},"end":{"line":289,"column":0}},"91":{"start":{"line":287,"column":0},"end":{"line":null,"column":-1}},"92":{"start":{"line":288,"column":0},"end":{"line":null,"column":-1}},"93":{"start":{"line":291,"column":0},"end":{"line":300,"column":0}},"94":{"start":{"line":292,"column":0},"end":{"line":null,"column":-1}},"95":{"start":{"line":303,"column":0},"end":{"line":null,"column":-1}},"96":{"start":{"line":304,"column":0},"end":{"line":308,"column":0}},"97":{"start":{"line":305,"column":0},"end":{"line":null,"column":-1}},"98":{"start":{"line":307,"column":0},"end":{"line":null,"column":-1}},"99":{"start":{"line":311,"column":0},"end":{"line":null,"column":-1}},"100":{"start":{"line":318,"column":0},"end":{"line":320,"column":0}},"101":{"start":{"line":319,"column":0},"end":{"line":null,"column":-1}},"102":{"start":{"line":325,"column":0},"end":{"line":null,"column":-1}},"103":{"start":{"line":345,"column":0},"end":{"line":null,"column":-1}},"104":{"start":{"line":350,"column":0},"end":{"line":null,"column":-1}},"105":{"start":{"line":352,"column":0},"end":{"line":null,"column":-1}},"106":{"start":{"line":373,"column":0},"end":{"line":null,"column":-1}}},"fnMap":{"0":{"name":"data","decl":{"start":{"line":92,"column":0},"end":{"line":null,"column":-1}},"loc":{"start":{"line":92,"column":0},"end":{"line":106,"column":0}}},"1":{"name":"mounted","decl":{"start":{"line":107,"column":0},"end":{"line":null,"column":-1}},"loc":{"start":{"line":107,"column":0},"end":{"line":109,"column":0}}},"2":{"name":"changeMonth","decl":{"start":{"line":112,"column":0},"end":{"line":null,"column":-1}},"loc":{"start":{"line":112,"column":0},"end":{"line":125,"column":0}}},"3":{"name":"fetchMonthlyData","decl":{"start":{"line":128,"column":0},"end":{"line":null,"column":-1}},"loc":{"start":{"line":128,"column":0},"end":{"line":173,"column":0}}},"4":{"name":"formatDateHeader","decl":{"start":{"line":176,"column":0},"end":{"line":null,"column":-1}},"loc":{"start":{"line":176,"column":0},"end":{"line":210,"column":0}}},"5":{"name":"(anonymous_9)","decl":{"start":{"line":185,"column":0},"end":{"line":null,"column":-1}},"loc":{"start":{"line":185,"column":0},"end":{"line":187,"column":0}}},"6":{"name":"isToday","decl":{"start":{"line":213,"column":0},"end":{"line":null,"column":-1}},"loc":{"start":{"line":213,"column":0},"end":{"line":237,"column":0}}},"7":{"name":"(anonymous_11)","decl":{"start":{"line":220,"column":0},"end":{"line":null,"column":-1}},"loc":{"start":{"line":220,"column":0},"end":{"line":221,"column":0}}},"8":{"name":"getWeekday","decl":{"start":{"line":240,"column":0},"end":{"line":null,"column":-1}},"loc":{"start":{"line":240,"column":0},"end":{"line":262,"column":0}}},"9":{"name":"(anonymous_13)","decl":{"start":{"line":247,"column":0},"end":{"line":null,"column":-1}},"loc":{"start":{"line":247,"column":0},"end":{"line":248,"column":0}}},"10":{"name":"groupEntriesByDate","decl":{"start":{"line":265,"column":0},"end":{"line":null,"column":-1}},"loc":{"start":{"line":265,"column":0},"end":{"line":321,"column":0}}},"11":{"name":"(anonymous_15)","decl":{"start":{"line":273,"column":0},"end":{"line":null,"column":-1}},"loc":{"start":{"line":273,"column":0},"end":{"line":315,"column":0}}},"12":{"name":"(anonymous_16)","decl":{"start":{"line":318,"column":0},"end":{"line":null,"column":-1}},"loc":{"start":{"line":318,"column":0},"end":{"line":320,"column":0}}},"13":{"name":"getCategoryIcon","decl":{"start":{"line":324,"column":0},"end":{"line":null,"column":-1}},"loc":{"start":{"line":324,"column":0},"end":{"line":346,"column":0}}},"14":{"name":"getCategoryClass","decl":{"start":{"line":349,"column":0},"end":{"line":null,"column":-1}},"loc":{"start":{"line":349,"column":0},"end":{"line":374,"column":0}}}},"branchMap":{"0":{"loc":{"start":{"line":114,"column":0},"end":{"line":122,"column":0}},"type":"if","locations":[{"start":{"line":114,"column":0},"end":{"line":122,"column":0}},{"start":{"line":114,"column":0},"end":{"line":122,"column":0}}]},"1":{"loc":{"start":{"line":117,"column":0},"end":{"line":122,"column":0}},"type":"if","locations":[{"start":{"line":117,"column":0},"end":{"line":122,"column":0}},{"start":{"line":117,"column":0},"end":{"line":122,"column":0}}]},"2":{"loc":{"start":{"line":128,"column":0},"end":{"line":144,"column":0}},"type":"switch","locations":[{"start":{"line":128,"column":0},"end":{"line":144,"column":0}},{"start":{"line":128,"column":0},"end":{"line":null,"column":-1}},{"start":{"line":128,"column":0},"end":{"line":null,"column":-1}},{"start":{"line":128,"column":0},"end":{"line":169,"column":0}},{"start":{"line":128,"column":0},"end":{"line":null,"column":-1}},{"start":{"line":128,"column":0},"end":{"line":null,"column":-1}},{"start":{"line":128,"column":0},"end":{"line":null,"column":-1}}]},"3":{"loc":{"start":{"line":128,"column":0},"end":{"line":null,"column":-1}},"type":"if","locations":[{"start":{"line":128,"column":0},"end":{"line":null,"column":-1}},{"start":{"line":128,"column":0},"end":{"line":null,"column":-1}}]},"4":{"loc":{"start":{"line":177,"column":0},"end":{"line":null,"column":-1}},"type":"if","locations":[{"start":{"line":177,"column":0},"end":{"line":null,"column":-1}},{"start":{"line":177,"column":0},"end":{"line":null,"column":-1}}]},"5":{"loc":{"start":{"line":182,"column":0},"end":{"line":189,"column":0}},"type":"if","locations":[{"start":{"line":182,"column":0},"end":{"line":189,"column":0}},{"start":{"line":182,"column":0},"end":{"line":189,"column":0}}]},"6":{"loc":{"start":{"line":191,"column":0},"end":{"line":194,"column":0}},"type":"if","locations":[{"start":{"line":191,"column":0},"end":{"line":194,"column":0}},{"start":{"line":191,"column":0},"end":{"line":194,"column":0}}]},"7":{"loc":{"start":{"line":201,"column":0},"end":{"line":205,"column":0}},"type":"if","locations":[{"start":{"line":201,"column":0},"end":{"line":205,"column":0}},{"start":{"line":201,"column":0},"end":{"line":205,"column":0}}]},"8":{"loc":{"start":{"line":208,"column":0},"end":{"line":null,"column":-1}},"type":"binary-expr","locations":[{"start":{"line":208,"column":0},"end":{"line":null,"column":-1}},{"start":{"line":208,"column":0},"end":{"line":null,"column":-1}}]},"9":{"loc":{"start":{"line":214,"column":0},"end":{"line":null,"column":-1}},"type":"if","locations":[{"start":{"line":214,"column":0},"end":{"line":null,"column":-1}},{"start":{"line":214,"column":0},"end":{"line":null,"column":-1}}]},"10":{"loc":{"start":{"line":218,"column":0},"end":{"line":223,"column":0}},"type":"if","locations":[{"start":{"line":218,"column":0},"end":{"line":223,"column":0}},{"start":{"line":218,"column":0},"end":{"line":223,"column":0}}]},"11":{"loc":{"start":{"line":225,"column":0},"end":{"line":227,"column":0}},"type":"if","locations":[{"start":{"line":225,"column":0},"end":{"line":227,"column":0}},{"start":{"line":225,"column":0},"end":{"line":227,"column":0}}]},"12":{"loc":{"start":{"line":230,"column":0},"end":{"line":null,"column":-1}},"type":"binary-expr","locations":[{"start":{"line":230,"column":0},"end":{"line":null,"column":-1}},{"start":{"line":230,"column":0},"end":{"line":null,"column":-1}},{"start":{"line":230,"column":0},"end":{"line":null,"column":-1}}]},"13":{"loc":{"start":{"line":241,"column":0},"end":{"line":null,"column":-1}},"type":"if","locations":[{"start":{"line":241,"column":0},"end":{"line":null,"column":-1}},{"start":{"line":241,"column":0},"end":{"line":null,"column":-1}}]},"14":{"loc":{"start":{"line":245,"column":0},"end":{"line":250,"column":0}},"type":"if","locations":[{"start":{"line":245,"column":0},"end":{"line":250,"column":0}},{"start":{"line":245,"column":0},"end":{"line":250,"column":0}}]},"15":{"loc":{"start":{"line":252,"column":0},"end":{"line":254,"column":0}},"type":"if","locations":[{"start":{"line":252,"column":0},"end":{"line":254,"column":0}},{"start":{"line":252,"column":0},"end":{"line":254,"column":0}}]},"16":{"loc":{"start":{"line":266,"column":0},"end":{"line":269,"column":0}},"type":"if","locations":[{"start":{"line":266,"column":0},"end":{"line":269,"column":0}},{"start":{"line":266,"column":0},"end":{"line":269,"column":0}}]},"17":{"loc":{"start":{"line":274,"column":0},"end":{"line":null,"column":-1}},"type":"if","locations":[{"start":{"line":274,"column":0},"end":{"line":null,"column":-1}},{"start":{"line":274,"column":0},"end":{"line":null,"column":-1}}]},"18":{"loc":{"start":{"line":278,"column":0},"end":{"line":284,"column":0}},"type":"if","locations":[{"start":{"line":278,"column":0},"end":{"line":284,"column":0}},{"start":{"line":278,"column":0},"end":{"line":284,"column":0}}]},"19":{"loc":{"start":{"line":281,"column":0},"end":{"line":284,"column":0}},"type":"if","locations":[{"start":{"line":281,"column":0},"end":{"line":284,"column":0}},{"start":{"line":281,"column":0},"end":{"line":284,"column":0}}]},"20":{"loc":{"start":{"line":286,"column":0},"end":{"line":289,"column":0}},"type":"if","locations":[{"start":{"line":286,"column":0},"end":{"line":289,"column":0}},{"start":{"line":286,"column":0},"end":{"line":289,"column":0}}]},"21":{"loc":{"start":{"line":291,"column":0},"end":{"line":300,"column":0}},"type":"if","locations":[{"start":{"line":291,"column":0},"end":{"line":300,"column":0}},{"start":{"line":291,"column":0},"end":{"line":300,"column":0}}]},"22":{"loc":{"start":{"line":303,"column":0},"end":{"line":null,"column":-1}},"type":"binary-expr","locations":[{"start":{"line":303,"column":0},"end":{"line":null,"column":-1}},{"start":{"line":303,"column":0},"end":{"line":null,"column":-1}}]},"23":{"loc":{"start":{"line":304,"column":0},"end":{"line":308,"column":0}},"type":"if","locations":[{"start":{"line":304,"column":0},"end":{"line":308,"column":0}},{"start":{"line":304,"column":0},"end":{"line":308,"column":0}}]},"24":{"loc":{"start":{"line":345,"column":0},"end":{"line":null,"column":-1}},"type":"binary-expr","locations":[{"start":{"line":345,"column":0},"end":{"line":null,"column":-1}},{"start":{"line":345,"column":0},"end":{"line":null,"column":-1}}]},"25":{"loc":{"start":{"line":373,"column":0},"end":{"line":null,"column":-1}},"type":"binary-expr","locations":[{"start":{"line":373,"column":0},"end":{"line":null,"column":-1}},{"start":{"line":373,"column":0},"end":{"line":null,"column":-1}}]}},"s":{"0":0,"1":0,"2":0,"3":0,"4":0,"5":0,"6":0,"7":0,"8":0,"9":0,"10":0,"11":0,"12":0,"13":0,"14":0,"15":0,"16":0,"17":0,"18":0,"19":0,"20":0,"21":0,"22":0,"23":0,"24":0,"25":0,"26":0,"27":0,"28":0,"29":0,"30":0,"31":0,"32":0,"33":0,"34":0,"35":0,"36":0,"37":0,"38":0,"39":0,"40":0,"41":0,"42":0,"43":0,"44":0,"45":0,"46":0,"47":0,"48":0,"49":0,"50":0,"51":0,"52":0,"53":0,"54":0,"55":0,"56":0,"57":0,"58":0,"59":0,"60":0,"61":0,"62":0,"63":0,"64":0,"65":0,"66":0,"67":0,"68":0,"69":0,"70":0,"71":0,"72":0,"73":0,"74":0,"75":0,"76":0,"77":0,"78":0,"79":0,"80":0,"81":0,"82":0,"83":0,"84":0,"85":0,"86":0,"87":0,"88":0,"89":0,"90":0,"91":0,"92":0,"93":0,"94":0,"95":0,"96":0,"97":0,"98":0,"99":0,"100":0,"101":0,"102":0,"103":0,"104":0,"105":0,"106":0},"f":{"0":0,"1":0,"2":0,"3":0,"4":0,"5":0,"6":0,"7":0,"8":0,"9":0,"10":0,"11":0,"12":0,"13":0,"14":0},"b":{"0":[0,0],"1":[0,0],"2":[0,0,0,0,0,0,0],"3":[0,0],"4":[0,0],"5":[0,0],"6":[0,0],"7":[0,0],"8":[0,0],"9":[0,0],"10":[0,0],"11":[0,0],"12":[0,0,0],"13":[0,0],"14":[0,0],"15":[0,0],"16":[0,0],"17":[0,0],"18":[0,0],"19":[0,0],"20":[0,0],"21":[0,0],"22":[0,0],"23":[0,0],"24":[0,0],"25":[0,0]}}
,"C:\\Users\\26791\\Documents\\AIccounting-main\\AIccounting-main\\App\\src\\views\\Record.vue": {"path":"C:\\Users\\26791\\Documents\\AIccounting-main\\AIccounting-main\\App\\src\\views\\Record.vue","statementMap":{"0":{"start":{"line":92,"column":0},"end":{"line":null,"column":-1}},"1":{"start":{"line":97,"column":0},"end":{"line":null,"column":-1}},"2":{"start":{"line":110,"column":0},"end":{"line":null,"column":-1}},"3":{"start":{"line":117,"column":0},"end":{"line":null,"column":-1}},"4":{"start":{"line":118,"column":0},"end":{"line":null,"column":-1}},"5":{"start":{"line":119,"column":0},"end":{"line":null,"column":-1}},"6":{"start":{"line":122,"column":0},"end":{"line":140,"column":0}},"7":{"start":{"line":124,"column":0},"end":{"line":132,"column":0}},"8":{"start":{"line":125,"column":0},"end":{"line":null,"column":-1}},"9":{"start":{"line":126,"column":0},"end":{"line":null,"column":-1}},"10":{"start":{"line":130,"column":0},"end":{"line":null,"column":-1}},"11":{"start":{"line":131,"column":0},"end":{"line":null,"column":-1}},"12":{"start":{"line":135,"column":0},"end":{"line":null,"column":-1}},"13":{"start":{"line":136,"column":0},"end":{"line":null,"column":-1}},"14":{"start":{"line":139,"column":0},"end":{"line":null,"column":-1}},"15":{"start":{"line":144,"column":0},"end":{"line":null,"column":-1}},"16":{"start":{"line":145,"column":0},"end":{"line":160,"column":0}},"17":{"start":{"line":147,"column":0},"end":{"line":152,"column":0}},"18":{"start":{"line":148,"column":0},"end":{"line":null,"column":-1}},"19":{"start":{"line":149,"column":0},"end":{"line":null,"column":-1}},"20":{"start":{"line":151,"column":0},"end":{"line":null,"column":-1}},"21":{"start":{"line":155,"column":0},"end":{"line":null,"column":-1}},"22":{"start":{"line":156,"column":0},"end":{"line":null,"column":-1}},"23":{"start":{"line":159,"column":0},"end":{"line":null,"column":-1}},"24":{"start":{"line":164,"column":0},"end":{"line":null,"column":-1}},"25":{"start":{"line":165,"column":0},"end":{"line":null,"column":-1}},"26":{"start":{"line":166,"column":0},"end":{"line":null,"column":-1}},"27":{"start":{"line":169,"column":0},"end":{"line":172,"column":0}},"28":{"start":{"line":170,"column":0},"end":{"line":null,"column":-1}},"29":{"start":{"line":171,"column":0},"end":{"line":null,"column":-1}},"30":{"start":{"line":175,"column":0},"end":{"line":null,"column":-1}},"31":{"start":{"line":182,"column":0},"end":{"line":null,"column":-1}},"32":{"start":{"line":185,"column":0},"end":{"line":187,"column":0}},"33":{"start":{"line":186,"column":0},"end":{"line":null,"column":-1}},"34":{"start":{"line":190,"column":0},"end":{"line":null,"column":-1}},"35":{"start":{"line":193,"column":0},"end":{"line":null,"column":-1}},"36":{"start":{"line":197,"column":0},"end":{"line":null,"column":-1}},"37":{"start":{"line":198,"column":0},"end":{"line":253,"column":0}},"38":{"start":{"line":202,"column":0},"end":{"line":null,"column":-1}},"39":{"start":{"line":205,"column":0},"end":{"line":null,"column":-1}},"40":{"start":{"line":212,"column":0},"end":{"line":null,"column":-1}},"41":{"start":{"line":220,"column":0},"end":{"line":235,"column":0}},"42":{"start":{"line":222,"column":0},"end":{"line":null,"column":-1}},"43":{"start":{"line":229,"column":0},"end":{"line":231,"column":0}},"44":{"start":{"line":230,"column":0},"end":{"line":null,"column":-1}},"45":{"start":{"line":234,"column":0},"end":{"line":null,"column":-1}},"46":{"start":{"line":238,"column":0},"end":{"line":240,"column":0}},"47":{"start":{"line":239,"column":0},"end":{"line":null,"column":-1}},"48":{"start":{"line":243,"column":0},"end":{"line":null,"column":-1}},"49":{"start":{"line":245,"column":0},"end":{"line":null,"column":-1}},"50":{"start":{"line":252,"column":0},"end":{"line":null,"column":-1}},"51":{"start":{"line":258,"column":0},"end":{"line":null,"column":-1}},"52":{"start":{"line":259,"column":0},"end":{"line":null,"column":-1}},"53":{"start":{"line":262,"column":0},"end":{"line":null,"column":-1}},"54":{"start":{"line":282,"column":0},"end":{"line":null,"column":-1}},"55":{"start":{"line":285,"column":0},"end":{"line":null,"column":-1}},"56":{"start":{"line":286,"column":0},"end":{"line":null,"column":-1}},"57":{"start":{"line":287,"column":0},"end":{"line":null,"column":-1}},"58":{"start":{"line":288,"column":0},"end":{"line":null,"column":-1}},"59":{"start":{"line":289,"column":0},"end":{"line":null,"column":-1}},"60":{"start":{"line":290,"column":0},"end":{"line":null,"column":-1}},"61":{"start":{"line":295,"column":0},"end":{"line":null,"column":-1}},"62":{"start":{"line":296,"column":0},"end":{"line":301,"column":0}},"63":{"start":{"line":297,"column":0},"end":{"line":null,"column":-1}},"64":{"start":{"line":298,"column":0},"end":{"line":null,"column":-1}},"65":{"start":{"line":300,"column":0},"end":{"line":null,"column":-1}},"66":{"start":{"line":302,"column":0},"end":{"line":null,"column":-1}},"67":{"start":{"line":305,"column":0},"end":{"line":null,"column":-1}},"68":{"start":{"line":307,"column":0},"end":{"line":null,"column":-1}},"69":{"start":{"line":308,"column":0},"end":{"line":318,"column":0}},"70":{"start":{"line":309,"column":0},"end":{"line":null,"column":-1}},"71":{"start":{"line":311,"column":0},"end":{"line":312,"column":0}},"72":{"start":{"line":319,"column":0},"end":{"line":null,"column":-1}},"73":{"start":{"line":320,"column":0},"end":{"line":322,"column":0}},"74":{"start":{"line":321,"column":0},"end":{"line":null,"column":-1}}},"fnMap":{"0":{"name":"data","decl":{"start":{"line":96,"column":0},"end":{"line":null,"column":-1}},"loc":{"start":{"line":96,"column":0},"end":{"line":106,"column":0}}},"1":{"name":"handler","decl":{"start":{"line":109,"column":0},"end":{"line":null,"column":-1}},"loc":{"start":{"line":109,"column":0},"end":{"line":111,"column":0}}},"2":{"name":"startAiAssistant","decl":{"start":{"line":117,"column":0},"end":{"line":null,"column":-1}},"loc":{"start":{"line":117,"column":0},"end":{"line":141,"column":0}}},"3":{"name":"(anonymous_5)","decl":{"start":{"line":122,"column":0},"end":{"line":null,"column":-1}},"loc":{"start":{"line":122,"column":0},"end":{"line":133,"column":0}}},"4":{"name":"(anonymous_6)","decl":{"start":{"line":131,"column":0},"end":{"line":null,"column":-1}},"loc":{"start":{"line":131,"column":0},"end":{"line":null,"column":-1}}},"5":{"name":"(anonymous_7)","decl":{"start":{"line":133,"column":0},"end":{"line":null,"column":-1}},"loc":{"start":{"line":133,"column":0},"end":{"line":137,"column":0}}},"6":{"name":"(anonymous_8)","decl":{"start":{"line":137,"column":0},"end":{"line":null,"column":-1}},"loc":{"start":{"line":137,"column":0},"end":{"line":140,"column":0}}},"7":{"name":"checkAiStatus","decl":{"start":{"line":144,"column":0},"end":{"line":null,"column":-1}},"loc":{"start":{"line":144,"column":0},"end":{"line":161,"column":0}}},"8":{"name":"(anonymous_10)","decl":{"start":{"line":145,"column":0},"end":{"line":null,"column":-1}},"loc":{"start":{"line":145,"column":0},"end":{"line":153,"column":0}}},"9":{"name":"(anonymous_11)","decl":{"start":{"line":153,"column":0},"end":{"line":null,"column":-1}},"loc":{"start":{"line":153,"column":0},"end":{"line":157,"column":0}}},"10":{"name":"(anonymous_12)","decl":{"start":{"line":157,"column":0},"end":{"line":null,"column":-1}},"loc":{"start":{"line":157,"column":0},"end":{"line":160,"column":0}}},"11":{"name":"sendMessage","decl":{"start":{"line":164,"column":0},"end":{"line":null,"column":-1}},"loc":{"start":{"line":164,"column":0},"end":{"line":194,"column":0}}},"12":{"name":"(anonymous_14)","decl":{"start":{"line":185,"column":0},"end":{"line":null,"column":-1}},"loc":{"start":{"line":185,"column":0},"end":{"line":187,"column":0}}},"13":{"name":"callBackendAPI","decl":{"start":{"line":197,"column":0},"end":{"line":null,"column":-1}},"loc":{"start":{"line":197,"column":0},"end":{"line":254,"column":0}}},"14":{"name":"(anonymous_16)","decl":{"start":{"line":198,"column":0},"end":{"line":null,"column":-1}},"loc":{"start":{"line":198,"column":0},"end":{"line":241,"column":0}}},"15":{"name":"(anonymous_17)","decl":{"start":{"line":229,"column":0},"end":{"line":null,"column":-1}},"loc":{"start":{"line":229,"column":0},"end":{"line":231,"column":0}}},"16":{"name":"(anonymous_18)","decl":{"start":{"line":238,"column":0},"end":{"line":null,"column":-1}},"loc":{"start":{"line":238,"column":0},"end":{"line":240,"column":0}}},"17":{"name":"(anonymous_19)","decl":{"start":{"line":241,"column":0},"end":{"line":null,"column":-1}},"loc":{"start":{"line":241,"column":0},"end":{"line":250,"column":0}}},"18":{"name":"(anonymous_20)","decl":{"start":{"line":250,"column":0},"end":{"line":null,"column":-1}},"loc":{"start":{"line":250,"column":0},"end":{"line":253,"column":0}}},"19":{"name":"scrollToBottom","decl":{"start":{"line":257,"column":0},"end":{"line":null,"column":-1}},"loc":{"start":{"line":257,"column":0},"end":{"line":260,"column":0}}},"20":{"name":"getCategoryIcon","decl":{"start":{"line":261,"column":0},"end":{"line":null,"column":-1}},"loc":{"start":{"line":261,"column":0},"end":{"line":283,"column":0}}},"21":{"name":"formatLedgerDate","decl":{"start":{"line":284,"column":0},"end":{"line":null,"column":-1}},"loc":{"start":{"line":284,"column":0},"end":{"line":291,"column":0}}},"22":{"name":"formatAmount","decl":{"start":{"line":293,"column":0},"end":{"line":null,"column":-1}},"loc":{"start":{"line":293,"column":0},"end":{"line":303,"column":0}}},"23":{"name":"mounted","decl":{"start":{"line":305,"column":0},"end":{"line":null,"column":-1}},"loc":{"start":{"line":305,"column":0},"end":{"line":323,"column":0}}},"24":{"name":"(anonymous_26)","decl":{"start":{"line":320,"column":0},"end":{"line":null,"column":-1}},"loc":{"start":{"line":320,"column":0},"end":{"line":322,"column":0}}}},"branchMap":{"0":{"loc":{"start":{"line":124,"column":0},"end":{"line":132,"column":0}},"type":"if","locations":[{"start":{"line":124,"column":0},"end":{"line":132,"column":0}},{"start":{"line":124,"column":0},"end":{"line":132,"column":0}}]},"1":{"loc":{"start":{"line":135,"column":0},"end":{"line":null,"column":-1}},"type":"binary-expr","locations":[{"start":{"line":135,"column":0},"end":{"line":null,"column":-1}},{"start":{"line":135,"column":0},"end":{"line":null,"column":-1}},{"start":{"line":135,"column":0},"end":{"line":null,"column":-1}},{"start":{"line":135,"column":0},"end":{"line":null,"column":-1}}]},"2":{"loc":{"start":{"line":147,"column":0},"end":{"line":152,"column":0}},"type":"if","locations":[{"start":{"line":147,"column":0},"end":{"line":152,"column":0}},{"start":{"line":147,"column":0},"end":{"line":152,"column":0}}]},"3":{"loc":{"start":{"line":155,"column":0},"end":{"line":null,"column":-1}},"type":"binary-expr","locations":[{"start":{"line":155,"column":0},"end":{"line":null,"column":-1}},{"start":{"line":155,"column":0},"end":{"line":null,"column":-1}},{"start":{"line":155,"column":0},"end":{"line":null,"column":-1}},{"start":{"line":155,"column":0},"end":{"line":null,"column":-1}}]},"4":{"loc":{"start":{"line":166,"column":0},"end":{"line":null,"column":-1}},"type":"if","locations":[{"start":{"line":166,"column":0},"end":{"line":null,"column":-1}},{"start":{"line":166,"column":0},"end":{"line":null,"column":-1}}]},"5":{"loc":{"start":{"line":169,"column":0},"end":{"line":172,"column":0}},"type":"if","locations":[{"start":{"line":169,"column":0},"end":{"line":172,"column":0}},{"start":{"line":169,"column":0},"end":{"line":172,"column":0}}]},"6":{"loc":{"start":{"line":212,"column":0},"end":{"line":null,"column":-1}},"type":"binary-expr","locations":[{"start":{"line":212,"column":0},"end":{"line":null,"column":-1}},{"start":{"line":212,"column":0},"end":{"line":null,"column":-1}},{"start":{"line":212,"column":0},"end":{"line":null,"column":-1}},{"start":{"line":212,"column":0},"end":{"line":null,"column":-1}},{"start":{"line":212,"column":0},"end":{"line":null,"column":-1}}]},"7":{"loc":{"start":{"line":220,"column":0},"end":{"line":235,"column":0}},"type":"if","locations":[{"start":{"line":220,"column":0},"end":{"line":235,"column":0}},{"start":{"line":220,"column":0},"end":{"line":235,"column":0}}]},"8":{"loc":{"start":{"line":220,"column":0},"end":{"line":null,"column":-1}},"type":"binary-expr","locations":[{"start":{"line":220,"column":0},"end":{"line":null,"column":-1}},{"start":{"line":220,"column":0},"end":{"line":null,"column":-1}}]},"9":{"loc":{"start":{"line":282,"column":0},"end":{"line":null,"column":-1}},"type":"binary-expr","locations":[{"start":{"line":282,"column":0},"end":{"line":null,"column":-1}},{"start":{"line":282,"column":0},"end":{"line":null,"column":-1}}]},"10":{"loc":{"start":{"line":285,"column":0},"end":{"line":null,"column":-1}},"type":"if","locations":[{"start":{"line":285,"column":0},"end":{"line":null,"column":-1}},{"start":{"line":285,"column":0},"end":{"line":null,"column":-1}}]},"11":{"loc":{"start":{"line":298,"column":0},"end":{"line":null,"column":-1}},"type":"if","locations":[{"start":{"line":298,"column":0},"end":{"line":null,"column":-1}},{"start":{"line":298,"column":0},"end":{"line":null,"column":-1}}]},"12":{"loc":{"start":{"line":308,"column":0},"end":{"line":318,"column":0}},"type":"if","locations":[{"start":{"line":308,"column":0},"end":{"line":318,"column":0}},{"start":{"line":308,"column":0},"end":{"line":318,"column":0}}]}},"s":{"0":0,"1":0,"2":0,"3":0,"4":0,"5":0,"6":0,"7":0,"8":0,"9":0,"10":0,"11":0,"12":0,"13":0,"14":0,"15":0,"16":0,"17":0,"18":0,"19":0,"20":0,"21":0,"22":0,"23":0,"24":0,"25":0,"26":0,"27":0,"28":0,"29":0,"30":0,"31":0,"32":0,"33":0,"34":0,"35":0,"36":0,"37":0,"38":0,"39":0,"40":0,"41":0,"42":0,"43":0,"44":0,"45":0,"46":0,"47":0,"48":0,"49":0,"50":0,"51":0,"52":0,"53":0,"54":0,"55":0,"56":0,"57":0,"58":0,"59":0,"60":0,"61":0,"62":0,"63":0,"64":0,"65":0,"66":0,"67":0,"68":0,"69":0,"70":0,"71":0,"72":0,"73":0,"74":0},"f":{"0":0,"1":0,"2":0,"3":0,"4":0,"5":0,"6":0,"7":0,"8":0,"9":0,"10":0,"11":0,"12":0,"13":0,"14":0,"15":0,"16":0,"17":0,"18":0,"19":0,"20":0,"21":0,"22":0,"23":0,"24":0},"b":{"0":[0,0],"1":[0,0,0,0],"2":[0,0],"3":[0,0,0,0],"4":[0,0],"5":[0,0],"6":[0,0,0,0,0],"7":[0,0],"8":[0,0],"9":[0,0],"10":[0,0],"11":[0,0],"12":[0,0]}}
}
