TN:
SF:C:\Users\26791\Documents\AIccounting-main\AIccounting-main\App\src\App.vue
FNF:0
FNH:0
DA:11,0
LF:1
LH:0
BRF:0
BRH:0
end_of_record
TN:
SF:C:\Users\26791\Documents\AIccounting-main\AIccounting-main\App\src\components\common\TabBar.vue
FN:21,data
FN:43,navigateTo
FN:46,(anonymous_3)
FNF:3
FNH:2
FNDA:28,data
FNDA:6,navigateTo
FNDA:0,(anonymous_3)
DA:22,28
DA:45,6
DA:46,4
LF:3
LH:3
BRDA:45,0,0,4
BRDA:45,0,1,2
BRF:2
BRH:2
end_of_record
TN:
SF:C:\Users\26791\Documents\AIccounting-main\AIccounting-main\App\src\views\Chart.vue
FN:228,data
FN:258,totalIncome
FN:261,totalExpense
FN:264,totalBalance
FN:268,mounted
FN:273,changeMonth
FN:287,applyFilter
FN:291,processTopTransactions
FN:298,(anonymous_12)
FN:300,(anonymous_14)
FN:309,(anonymous_15)
FN:311,(anonymous_17)
FN:331,fetchChartData
FN:400,(anonymous_21)
FN:401,(anonymous_22)
FN:415,getCategoryData
FN:422,(anonymous_24)
FN:423,(anonymous_25)
FN:431,getCategoryColor
FN:457,getLastSevenDays
FN:468,getBarHeight
FN:470,(anonymous_29)
FN:478,(anonymous_30)
FN:487,getBarWidth
FN:489,(anonymous_32)
FN:497,(anonymous_33)
FN:505,getDayAmount
FN:506,(anonymous_35)
FN:513,(anonymous_36)
FN:516,getCategoryIcon
FN:538,toggleCategory
FN:544,resetFilter
FN:549,closeFilter
FN:553,getPieDashArray
FN:559,getPieDashOffset
FN:570,getTotalAmount
FN:574,getMaxAmount
FN:578,(anonymous_45)
FN:579,(anonymous_46)
FN:580,(anonymous_48)
FN:586,getTrendXAxisLabels
FN:593,(anonymous_51)
FN:615,(anonymous_52)
FN:618,(anonymous_53)
FN:643,getMaxTrendValue
FN:652,getTrendSeriesData
FN:669,(anonymous_56)
FN:721,(anonymous_57)
FN:756,(anonymous_58)
FN:764,(anonymous_59)
FN:771,(anonymous_60)
FN:796,(anonymous_61)
FN:799,getLinePoints
FN:806,(anonymous_63)
FN:815,getLineDots
FN:822,(anonymous_65)
FNF:56
FNH:32
FNDA:73,data
FNDA:119,totalIncome
FNDA:119,totalExpense
FNDA:120,totalBalance
FNDA:73,mounted
FNDA:4,changeMonth
FNDA:0,applyFilter
FNDA:132,processTopTransactions
FNDA:132,(anonymous_12)
FNDA:0,(anonymous_14)
FNDA:132,(anonymous_15)
FNDA:0,(anonymous_17)
FNDA:478,fetchChartData
FNDA:44,(anonymous_21)
FNDA:44,(anonymous_22)
FNDA:556,getCategoryData
FNDA:1646,(anonymous_24)
FNDA:1646,(anonymous_25)
FNDA:549,getCategoryColor
FNDA:0,getLastSevenDays
FNDA:0,getBarHeight
FNDA:0,(anonymous_29)
FNDA:0,(anonymous_30)
FNDA:0,getBarWidth
FNDA:0,(anonymous_32)
FNDA:0,(anonymous_33)
FNDA:0,getDayAmount
FNDA:0,(anonymous_35)
FNDA:0,(anonymous_36)
FNDA:100,getCategoryIcon
FNDA:4,toggleCategory
FNDA:2,resetFilter
FNDA:2,closeFilter
FNDA:275,getPieDashArray
FNDA:275,getPieDashOffset
FNDA:95,getTotalAmount
FNDA:0,getMaxAmount
FNDA:0,(anonymous_45)
FNDA:0,(anonymous_46)
FNDA:0,(anonymous_48)
FNDA:51,getTrendXAxisLabels
FNDA:20,(anonymous_51)
FNDA:0,(anonymous_52)
FNDA:0,(anonymous_53)
FNDA:235,getMaxTrendValue
FNDA:886,getTrendSeriesData
FNDA:0,(anonymous_56)
FNDA:214,(anonymous_57)
FNDA:0,(anonymous_58)
FNDA:0,(anonymous_59)
FNDA:0,(anonymous_60)
FNDA:0,(anonymous_61)
FNDA:89,getLinePoints
FNDA:49,(anonymous_63)
FNDA:89,getLineDots
FNDA:49,(anonymous_65)
DA:224,3
DA:229,73
DA:259,119
DA:262,119
DA:265,120
DA:269,73
DA:274,4
DA:275,4
DA:276,1
DA:277,1
DA:278,3
DA:279,1
DA:280,1
DA:282,2
DA:284,4
DA:288,0
DA:289,0
DA:291,264
DA:292,44
DA:293,44
DA:295,44
DA:296,44
DA:298,44
DA:299,88
DA:300,44
DA:305,0
DA:309,44
DA:310,88
DA:311,44
DA:316,0
DA:320,44
DA:321,44
DA:323,44
DA:324,44
DA:326,0
DA:331,1861
DA:332,80
DA:333,80
DA:336,80
DA:337,80
DA:339,80
DA:340,80
DA:341,80
DA:343,80
DA:344,80
DA:345,0
DA:347,0
DA:348,0
DA:349,0
DA:352,0
DA:353,0
DA:356,80
DA:365,80
DA:369,80
DA:371,78
DA:376,90
DA:382,90
DA:383,45
DA:384,45
DA:385,45
DA:393,45
DA:394,0
DA:395,0
DA:396,0
DA:400,45
DA:401,44
DA:402,44
DA:408,36
DA:409,36
DA:411,80
DA:416,1112
DA:417,556
DA:418,12
DA:420,544
DA:422,2202
DA:423,2202
DA:433,549
DA:453,549
DA:458,0
DA:459,0
DA:460,0
DA:461,0
DA:462,0
DA:464,0
DA:470,0
DA:471,0
DA:472,0
DA:478,0
DA:481,0
DA:482,0
DA:483,0
DA:489,0
DA:490,0
DA:491,0
DA:497,0
DA:500,0
DA:501,0
DA:506,0
DA:507,0
DA:508,0
DA:513,0
DA:514,0
DA:517,100
DA:536,100
DA:539,4
DA:540,4
DA:541,8
DA:545,2
DA:546,2
DA:547,2
DA:550,2
DA:554,275
DA:555,275
DA:556,275
DA:557,275
DA:561,275
DA:562,275
DA:563,275
DA:564,275
DA:565,275
DA:566,272
DA:568,275
DA:571,95
DA:574,0
DA:576,0
DA:577,0
DA:578,0
DA:579,0
DA:580,0
DA:581,0
DA:583,0
DA:587,92
DA:588,10
DA:590,10
DA:592,10
DA:593,30
DA:598,0
DA:599,0
DA:600,0
DA:601,0
DA:604,0
DA:605,0
DA:607,0
DA:608,0
DA:609,0
DA:610,0
DA:611,0
DA:614,0
DA:615,0
DA:617,0
DA:618,0
DA:620,0
DA:621,0
DA:626,0
DA:628,0
DA:632,0
DA:633,0
DA:634,0
DA:636,0
DA:639,0
DA:644,235
DA:645,235
DA:646,235
DA:648,235
DA:649,235
DA:650,235
DA:652,886
DA:653,886
DA:654,886
DA:655,326
DA:656,560
DA:657,324
DA:659,236
DA:661,886
DA:663,1665
DA:664,107
DA:666,0
DA:669,0
DA:670,0
DA:671,0
DA:673,0
DA:679,0
DA:680,0
DA:683,0
DA:684,0
DA:685,0
DA:686,0
DA:689,0
DA:691,0
DA:692,0
DA:694,0
DA:695,0
DA:696,0
DA:698,0
DA:703,0
DA:705,0
DA:706,0
DA:707,0
DA:708,0
DA:710,0
DA:715,107
DA:717,107
DA:718,107
DA:719,107
DA:721,107
DA:722,214
DA:723,214
DA:724,214
DA:725,78
DA:726,136
DA:727,74
DA:729,62
DA:734,107
DA:739,0
DA:740,0
DA:741,0
DA:742,0
DA:745,0
DA:746,0
DA:749,0
DA:750,0
DA:751,0
DA:752,0
DA:756,0
DA:757,0
DA:759,0
DA:760,0
DA:761,0
DA:762,0
DA:764,0
DA:765,0
DA:766,0
DA:769,0
DA:770,0
DA:771,0
DA:772,0
DA:773,0
DA:777,0
DA:779,0
DA:781,0
DA:783,0
DA:784,0
DA:785,0
DA:786,0
DA:787,0
DA:793,0
DA:796,0
DA:799,89
DA:800,89
DA:801,89
DA:802,171
DA:804,7
DA:805,7
DA:806,7
DA:807,49
DA:808,49
DA:809,49
DA:811,7
DA:812,7
DA:815,89
DA:816,89
DA:817,89
DA:818,171
DA:820,7
DA:821,7
DA:822,7
DA:823,49
DA:824,49
DA:825,49
DA:827,7
DA:828,7
LF:271
LH:143
BRDA:275,0,0,1
BRDA:275,0,1,3
BRDA:278,1,0,1
BRDA:278,1,1,2
BRDA:291,2,0,44
BRDA:291,2,1,44
BRDA:291,2,2,44
BRDA:302,3,0,44
BRDA:302,3,1,0
BRDA:303,4,0,44
BRDA:303,4,1,0
BRDA:313,5,0,44
BRDA:313,5,1,0
BRDA:314,6,0,44
BRDA:314,6,1,0
BRDA:331,7,0,80
BRDA:331,7,1,78
BRDA:331,7,2,45
BRDA:331,7,3,44
BRDA:331,7,4,36
BRDA:331,7,5,80
BRDA:331,7,6,80
BRDA:331,7,7,80
BRDA:337,8,0,80
BRDA:337,8,1,0
BRDA:345,9,0,0
BRDA:345,9,1,0
BRDA:361,10,0,80
BRDA:361,10,1,0
BRDA:331,11,0,45
BRDA:331,11,1,0
BRDA:383,12,0,45
BRDA:383,12,1,0
BRDA:384,13,0,45
BRDA:384,13,1,0
BRDA:393,14,0,0
BRDA:393,14,1,45
BRDA:417,15,0,12
BRDA:417,15,1,544
BRDA:422,16,0,556
BRDA:422,16,1,4
BRDA:453,17,0,549
BRDA:453,17,1,0
BRDA:472,18,0,0
BRDA:472,18,1,0
BRDA:472,18,2,0
BRDA:472,18,3,0
BRDA:472,18,4,0
BRDA:491,19,0,0
BRDA:491,19,1,0
BRDA:491,19,2,0
BRDA:491,19,3,0
BRDA:491,19,4,0
BRDA:508,20,0,0
BRDA:508,20,1,0
BRDA:508,20,2,0
BRDA:508,20,3,0
BRDA:508,20,4,0
BRDA:514,21,0,0
BRDA:514,21,1,0
BRDA:536,22,0,100
BRDA:536,22,1,4
BRDA:539,23,0,4
BRDA:539,23,1,0
BRDA:541,24,0,3
BRDA:541,24,1,1
BRDA:571,25,0,92
BRDA:571,25,1,3
BRDA:579,26,0,0
BRDA:579,26,1,0
BRDA:580,27,0,0
BRDA:580,27,1,0
BRDA:587,28,0,92
BRDA:587,28,1,61
BRDA:588,29,0,10
BRDA:588,29,1,0
BRDA:590,30,0,10
BRDA:590,30,1,0
BRDA:590,31,0,10
BRDA:590,31,1,10
BRDA:592,32,0,10
BRDA:592,32,1,0
BRDA:593,33,0,20
BRDA:593,33,1,0
BRDA:614,34,0,0
BRDA:614,34,1,0
BRDA:615,35,0,0
BRDA:615,35,1,0
BRDA:615,36,0,0
BRDA:615,36,1,0
BRDA:617,37,0,0
BRDA:617,37,1,0
BRDA:617,38,0,0
BRDA:617,38,1,0
BRDA:620,39,0,0
BRDA:620,39,1,0
BRDA:626,40,0,0
BRDA:626,40,1,0
BRDA:652,41,0,1772
BRDA:652,41,1,886
BRDA:654,42,0,326
BRDA:654,42,1,560
BRDA:656,43,0,324
BRDA:656,43,1,236
BRDA:663,44,0,1665
BRDA:663,44,1,993
BRDA:664,45,0,0
BRDA:664,45,1,107
BRDA:671,46,0,0
BRDA:671,46,1,0
BRDA:679,47,0,0
BRDA:679,47,1,0
BRDA:685,48,0,0
BRDA:685,48,1,0
BRDA:689,49,0,0
BRDA:689,49,1,0
BRDA:692,50,0,0
BRDA:692,50,1,0
BRDA:703,51,0,0
BRDA:703,51,1,0
BRDA:703,52,0,0
BRDA:703,52,1,0
BRDA:705,53,0,0
BRDA:705,53,1,0
BRDA:705,54,0,0
BRDA:705,54,1,0
BRDA:706,55,0,0
BRDA:706,55,1,0
BRDA:707,56,0,0
BRDA:707,56,1,0
BRDA:707,57,0,0
BRDA:707,57,1,0
BRDA:708,58,0,0
BRDA:708,58,1,0
BRDA:710,59,0,0
BRDA:710,59,1,0
BRDA:715,60,0,107
BRDA:715,60,1,0
BRDA:717,61,0,107
BRDA:717,61,1,0
BRDA:717,62,0,107
BRDA:717,62,1,107
BRDA:717,62,2,107
BRDA:723,63,0,214
BRDA:723,63,1,0
BRDA:724,64,0,78
BRDA:724,64,1,136
BRDA:724,65,0,214
BRDA:724,65,1,78
BRDA:725,66,0,78
BRDA:725,66,1,0
BRDA:726,67,0,74
BRDA:726,67,1,62
BRDA:726,68,0,136
BRDA:726,68,1,74
BRDA:727,69,0,74
BRDA:727,69,1,0
BRDA:729,70,0,62
BRDA:729,70,1,0
BRDA:757,71,0,0
BRDA:757,71,1,0
BRDA:761,72,0,0
BRDA:761,72,1,0
BRDA:761,73,0,0
BRDA:761,73,1,0
BRDA:765,74,0,0
BRDA:765,74,1,0
BRDA:766,75,0,0
BRDA:766,75,1,0
BRDA:772,76,0,0
BRDA:772,76,1,0
BRDA:773,77,0,0
BRDA:773,77,1,0
BRDA:779,78,0,0
BRDA:779,78,1,0
BRDA:785,79,0,0
BRDA:785,79,1,0
BRDA:786,80,0,0
BRDA:786,80,1,0
BRDA:796,81,0,0
BRDA:796,81,1,0
BRDA:799,82,0,178
BRDA:799,82,1,89
BRDA:802,83,0,82
BRDA:802,83,1,7
BRDA:815,84,0,178
BRDA:815,84,1,89
BRDA:818,85,0,82
BRDA:818,85,1,7
BRF:189
BRH:79
end_of_record
TN:
SF:C:\Users\26791\Documents\AIccounting-main\AIccounting-main\App\src\views\Details.vue
FN:92,data
FN:107,mounted
FN:112,changeMonth
FN:128,fetchMonthlyData
FN:176,formatDateHeader
FN:185,(anonymous_9)
FN:213,isToday
FN:220,(anonymous_11)
FN:240,getWeekday
FN:247,(anonymous_13)
FN:265,groupEntriesByDate
FN:273,(anonymous_15)
FN:318,(anonymous_16)
FN:324,getCategoryIcon
FN:349,getCategoryClass
FNF:15
FNH:15
FNDA:54,data
FNDA:54,mounted
FNDA:7,changeMonth
FNDA:366,fetchMonthlyData
FNDA:34,formatDateHeader
FNDA:95,(anonymous_9)
FNDA:38,isToday
FNDA:107,(anonymous_11)
FNDA:36,getWeekday
FNDA:101,(anonymous_13)
FNDA:33,groupEntriesByDate
FNDA:60,(anonymous_15)
FNDA:2,(anonymous_16)
FNDA:68,getCategoryIcon
FNDA:67,getCategoryClass
DA:88,3
DA:93,54
DA:108,54
DA:113,7
DA:114,7
DA:115,2
DA:116,2
DA:117,5
DA:118,2
DA:119,2
DA:121,3
DA:124,7
DA:128,1305
DA:129,66
DA:130,66
DA:132,66
DA:133,66
DA:134,66
DA:135,66
DA:136,66
DA:144,64
DA:157,56
DA:165,28
DA:168,38
DA:169,38
DA:171,66
DA:177,36
DA:179,32
DA:181,32
DA:182,32
DA:184,0
DA:185,128
DA:187,95
DA:188,32
DA:191,32
DA:192,1
DA:193,1
DA:196,31
DA:197,31
DA:198,31
DA:199,31
DA:201,31
DA:202,2
DA:204,29
DA:207,0
DA:208,0
DA:214,40
DA:216,36
DA:217,36
DA:218,36
DA:219,0
DA:220,144
DA:221,107
DA:222,36
DA:225,36
DA:226,1
DA:229,35
DA:230,35
DA:234,0
DA:235,0
DA:241,38
DA:243,34
DA:244,34
DA:245,34
DA:246,0
DA:247,136
DA:248,101
DA:249,34
DA:252,34
DA:253,1
DA:256,33
DA:257,33
DA:259,0
DA:260,0
DA:265,33
DA:266,33
DA:267,1
DA:268,1
DA:271,32
DA:273,32
DA:274,60
DA:277,60
DA:278,60
DA:280,60
DA:281,0
DA:283,0
DA:286,60
DA:287,0
DA:288,0
DA:291,60
DA:292,31
DA:303,60
DA:304,60
DA:305,29
DA:307,31
DA:311,60
DA:318,32
DA:319,2
DA:325,68
DA:345,68
DA:350,67
DA:352,67
DA:373,67
LF:103
LH:90
BRDA:114,0,0,2
BRDA:114,0,1,5
BRDA:117,1,0,2
BRDA:117,1,1,3
BRDA:128,2,0,66
BRDA:128,2,1,64
BRDA:128,2,2,28
BRDA:128,2,3,38
BRDA:128,2,4,66
BRDA:128,2,5,66
BRDA:128,2,6,66
BRDA:128,3,0,28
BRDA:128,3,1,1
BRDA:177,4,0,2
BRDA:177,4,1,32
BRDA:182,5,0,0
BRDA:182,5,1,32
BRDA:191,6,0,1
BRDA:191,6,1,31
BRDA:201,7,0,2
BRDA:201,7,1,29
BRDA:208,8,0,0
BRDA:208,8,1,0
BRDA:214,9,0,2
BRDA:214,9,1,36
BRDA:218,10,0,0
BRDA:218,10,1,36
BRDA:225,11,0,1
BRDA:225,11,1,35
BRDA:230,12,0,35
BRDA:230,12,1,2
BRDA:230,12,2,2
BRDA:241,13,0,2
BRDA:241,13,1,34
BRDA:245,14,0,0
BRDA:245,14,1,34
BRDA:252,15,0,1
BRDA:252,15,1,33
BRDA:266,16,0,1
BRDA:266,16,1,32
BRDA:274,17,0,0
BRDA:274,17,1,60
BRDA:278,18,0,60
BRDA:278,18,1,0
BRDA:281,19,0,0
BRDA:281,19,1,0
BRDA:286,20,0,0
BRDA:286,20,1,60
BRDA:291,21,0,31
BRDA:291,21,1,29
BRDA:303,22,0,60
BRDA:303,22,1,0
BRDA:304,23,0,29
BRDA:304,23,1,31
BRDA:345,24,0,68
BRDA:345,24,1,4
BRDA:373,25,0,67
BRDA:373,25,1,4
BRF:58
BRH:47
end_of_record
TN:
SF:C:\Users\26791\Documents\AIccounting-main\AIccounting-main\App\src\views\Record.vue
FN:96,data
FN:109,handler
FN:117,startAiAssistant
FN:122,(anonymous_5)
FN:131,(anonymous_6)
FN:133,(anonymous_7)
FN:137,(anonymous_8)
FN:144,checkAiStatus
FN:145,(anonymous_10)
FN:153,(anonymous_11)
FN:157,(anonymous_12)
FN:164,sendMessage
FN:185,(anonymous_14)
FN:197,callBackendAPI
FN:198,(anonymous_16)
FN:229,(anonymous_17)
FN:238,(anonymous_18)
FN:241,(anonymous_19)
FN:250,(anonymous_20)
FN:257,scrollToBottom
FN:261,getCategoryIcon
FN:284,formatLedgerDate
FN:293,formatAmount
FN:305,mounted
FN:320,(anonymous_26)
FNF:25
FNH:0
FNDA:0,data
FNDA:0,handler
FNDA:0,startAiAssistant
FNDA:0,(anonymous_5)
FNDA:0,(anonymous_6)
FNDA:0,(anonymous_7)
FNDA:0,(anonymous_8)
FNDA:0,checkAiStatus
FNDA:0,(anonymous_10)
FNDA:0,(anonymous_11)
FNDA:0,(anonymous_12)
FNDA:0,sendMessage
FNDA:0,(anonymous_14)
FNDA:0,callBackendAPI
FNDA:0,(anonymous_16)
FNDA:0,(anonymous_17)
FNDA:0,(anonymous_18)
FNDA:0,(anonymous_19)
FNDA:0,(anonymous_20)
FNDA:0,scrollToBottom
FNDA:0,getCategoryIcon
FNDA:0,formatLedgerDate
FNDA:0,formatAmount
FNDA:0,mounted
FNDA:0,(anonymous_26)
DA:92,0
DA:97,0
DA:110,0
DA:117,0
DA:118,0
DA:119,0
DA:122,0
DA:124,0
DA:125,0
DA:126,0
DA:130,0
DA:131,0
DA:135,0
DA:136,0
DA:139,0
DA:144,0
DA:145,0
DA:147,0
DA:148,0
DA:149,0
DA:151,0
DA:155,0
DA:156,0
DA:159,0
DA:164,0
DA:165,0
DA:166,0
DA:169,0
DA:170,0
DA:171,0
DA:175,0
DA:182,0
DA:185,0
DA:186,0
DA:190,0
DA:193,0
DA:197,0
DA:198,0
DA:202,0
DA:205,0
DA:212,0
DA:220,0
DA:222,0
DA:229,0
DA:230,0
DA:234,0
DA:238,0
DA:239,0
DA:243,0
DA:245,0
DA:252,0
DA:258,0
DA:259,0
DA:262,0
DA:282,0
DA:285,0
DA:286,0
DA:287,0
DA:288,0
DA:289,0
DA:290,0
DA:295,0
DA:296,0
DA:297,0
DA:298,0
DA:300,0
DA:302,0
DA:305,0
DA:307,0
DA:308,0
DA:309,0
DA:311,0
DA:319,0
DA:320,0
DA:321,0
LF:75
LH:0
BRDA:124,0,0,0
BRDA:124,0,1,0
BRDA:135,1,0,0
BRDA:135,1,1,0
BRDA:135,1,2,0
BRDA:135,1,3,0
BRDA:147,2,0,0
BRDA:147,2,1,0
BRDA:155,3,0,0
BRDA:155,3,1,0
BRDA:155,3,2,0
BRDA:155,3,3,0
BRDA:166,4,0,0
BRDA:166,4,1,0
BRDA:169,5,0,0
BRDA:169,5,1,0
BRDA:212,6,0,0
BRDA:212,6,1,0
BRDA:212,6,2,0
BRDA:212,6,3,0
BRDA:212,6,4,0
BRDA:220,7,0,0
BRDA:220,7,1,0
BRDA:220,8,0,0
BRDA:220,8,1,0
BRDA:282,9,0,0
BRDA:282,9,1,0
BRDA:285,10,0,0
BRDA:285,10,1,0
BRDA:298,11,0,0
BRDA:298,11,1,0
BRDA:308,12,0,0
BRDA:308,12,1,0
BRF:33
BRH:0
end_of_record
